Starting GLSL Sandbox download...
Collecting shader IDs from gallery...
Page 0: found 50 shaders (total: 50)
Page 1: found 50 shaders (total: 100)
Page 2: found 50 shaders (total: 150)
Page 3: found 50 shaders (total: 200)
Page 4: found 50 shaders (total: 250)
Page 5: found 50 shaders (total: 300)
Page 6: found 50 shaders (total: 350)
Page 7: found 50 shaders (total: 400)
Page 8: found 50 shaders (total: 450)
Page 9: found 50 shaders (total: 500)
Page 10: found 50 shaders (total: 550)
Page 11: found 50 shaders (total: 600)
Page 12: found 50 shaders (total: 650)
Page 13: found 50 shaders (total: 700)
Page 14: found 50 shaders (total: 750)
Page 15: found 50 shaders (total: 800)
Page 16: found 50 shaders (total: 850)
Page 17: found 50 shaders (total: 900)
Page 18: found 50 shaders (total: 950)
Page 19: found 50 shaders (total: 1000)
Page 20: found 50 shaders (total: 1050)
Page 21: found 50 shaders (total: 1100)
Page 22: found 50 shaders (total: 1150)
Page 23: found 50 shaders (total: 1200)
Page 24: found 50 shaders (total: 1250)
Page 25: found 50 shaders (total: 1300)
Page 26: found 50 shaders (total: 1350)
Page 27: found 50 shaders (total: 1400)
Page 28: found 50 shaders (total: 1450)
Page 29: found 50 shaders (total: 1500)
Page 30: found 50 shaders (total: 1550)
Page 31: found 50 shaders (total: 1600)
Page 32: found 50 shaders (total: 1650)
Page 33: found 50 shaders (total: 1700)
Page 34: found 50 shaders (total: 1750)
Page 35: found 50 shaders (total: 1800)
Page 36: found 50 shaders (total: 1850)
Page 37: found 50 shaders (total: 1900)
Page 38: found 50 shaders (total: 1950)
Page 39: found 50 shaders (total: 2000)
Page 40: found 50 shaders (total: 2050)
Page 41: found 50 shaders (total: 2100)
Page 42: found 50 shaders (total: 2150)
Page 43: found 50 shaders (total: 2200)
Page 44: found 50 shaders (total: 2250)
Page 45: found 50 shaders (total: 2300)
Page 46: found 50 shaders (total: 2350)
Page 47: found 50 shaders (total: 2400)
Page 48: found 50 shaders (total: 2450)
Page 49: found 50 shaders (total: 2500)
Page 50: found 50 shaders (total: 2550)
Page 51: found 50 shaders (total: 2600)
Page 52: found 50 shaders (total: 2650)
Page 53: found 50 shaders (total: 2700)
Page 54: found 50 shaders (total: 2750)
Page 55: found 50 shaders (total: 2800)
Page 56: found 50 shaders (total: 2850)
Page 57: found 50 shaders (total: 2900)
Page 58: found 50 shaders (total: 2950)
Page 59: found 50 shaders (total: 3000)
Page 60: found 50 shaders (total: 3050)
Page 61: found 50 shaders (total: 3100)
Page 62: found 50 shaders (total: 3150)
Page 63: found 50 shaders (total: 3200)
Page 64: found 50 shaders (total: 3250)
Page 65: found 50 shaders (total: 3300)
Page 66: found 50 shaders (total: 3350)
Page 67: found 50 shaders (total: 3400)
Page 68: found 50 shaders (total: 3450)
Page 69: found 50 shaders (total: 3500)
Page 70: found 50 shaders (total: 3550)
Page 71: found 50 shaders (total: 3600)
Page 72: found 50 shaders (total: 3650)
Page 73: found 50 shaders (total: 3700)
Page 74: found 50 shaders (total: 3750)
Page 75: found 50 shaders (total: 3800)
Page 76: found 50 shaders (total: 3850)
Page 77: found 50 shaders (total: 3900)
Page 78: found 50 shaders (total: 3950)
Page 79: found 50 shaders (total: 4000)
Page 80: found 50 shaders (total: 4050)
Page 81: found 50 shaders (total: 4100)
Page 82: found 50 shaders (total: 4150)
Page 83: found 50 shaders (total: 4200)
Page 84: found 50 shaders (total: 4250)
Page 85: found 50 shaders (total: 4300)
Page 86: found 50 shaders (total: 4350)
Page 87: found 50 shaders (total: 4400)
Page 88: found 50 shaders (total: 4450)
Page 89: found 50 shaders (total: 4500)
Page 90: found 50 shaders (total: 4550)
Page 91: found 50 shaders (total: 4600)
Page 92: found 50 shaders (total: 4650)
Page 93: found 50 shaders (total: 4700)
Page 94: found 50 shaders (total: 4750)
Page 95: found 50 shaders (total: 4800)
Page 96: found 50 shaders (total: 4850)
Page 97: found 50 shaders (total: 4900)
Page 98: found 50 shaders (total: 4950)
Page 99: found 50 shaders (total: 5000)
Page 100: found 50 shaders (total: 5050)
Page 101: found 50 shaders (total: 5100)
Page 102: found 50 shaders (total: 5150)
Page 103: found 50 shaders (total: 5200)
Page 104: found 50 shaders (total: 5250)
Page 105: found 50 shaders (total: 5300)
Page 106: found 50 shaders (total: 5350)
Page 107: found 50 shaders (total: 5400)
Page 108: found 50 shaders (total: 5450)
Page 109: found 50 shaders (total: 5500)
Page 110: found 50 shaders (total: 5550)
Page 111: found 50 shaders (total: 5600)
Page 112: found 50 shaders (total: 5650)
Page 113: found 50 shaders (total: 5700)
Page 114: found 50 shaders (total: 5750)
Page 115: found 50 shaders (total: 5800)
Page 116: found 50 shaders (total: 5850)
Page 117: found 50 shaders (total: 5900)
Page 118: found 50 shaders (total: 5950)
Page 119: found 50 shaders (total: 6000)
Page 120: found 50 shaders (total: 6050)
Page 121: found 50 shaders (total: 6100)
Page 122: found 50 shaders (total: 6150)
Page 123: found 50 shaders (total: 6200)
Page 124: found 50 shaders (total: 6250)
Page 125: found 50 shaders (total: 6300)
Page 126: found 50 shaders (total: 6350)
Page 127: found 50 shaders (total: 6400)
Page 128: found 50 shaders (total: 6450)
Page 129: found 50 shaders (total: 6500)
Page 130: found 50 shaders (total: 6550)
Page 131: found 50 shaders (total: 6600)
Page 132: found 50 shaders (total: 6650)
Page 133: found 50 shaders (total: 6700)
Page 134: found 50 shaders (total: 6750)
Page 135: found 50 shaders (total: 6800)
Page 136: found 50 shaders (total: 6850)
Page 137: found 50 shaders (total: 6900)
Page 138: found 50 shaders (total: 6950)
Page 139: found 50 shaders (total: 7000)
Page 140: found 50 shaders (total: 7050)
Page 141: found 50 shaders (total: 7100)
Page 142: found 50 shaders (total: 7150)
Page 143: found 50 shaders (total: 7200)
Page 144: found 50 shaders (total: 7250)
Page 145: found 50 shaders (total: 7300)
Page 146: found 50 shaders (total: 7350)
Page 147: found 50 shaders (total: 7400)
Page 148: found 50 shaders (total: 7450)
Page 149: found 50 shaders (total: 7500)
Page 150: found 50 shaders (total: 7550)
Page 151: found 50 shaders (total: 7600)
Error getting page 152: HTTPSConnectionPool(host='glslsandbox.com', port=443): Max retries exceeded with url: /?page=152 (Caused by ConnectTimeoutError(<urllib3.connection.HTTPSConnection object at 0x7f8c1a6e90>, 'Connection to glslsandbox.com timed out. (connect timeout=10)'))
Page 152: empty
Page 153: found 50 shaders (total: 7650)
Page 154: found 50 shaders (total: 7700)
Page 155: found 50 shaders (total: 7750)
Page 156: found 50 shaders (total: 7800)
Page 157: found 50 shaders (total: 7850)
Page 158: found 50 shaders (total: 7900)
Page 159: found 50 shaders (total: 7950)
Page 160: found 50 shaders (total: 8000)
Page 161: found 50 shaders (total: 8050)
Page 162: found 50 shaders (total: 8100)
Page 163: found 50 shaders (total: 8150)
Page 164: found 50 shaders (total: 8200)
Page 165: found 50 shaders (total: 8250)
Page 166: found 50 shaders (total: 8300)
Page 167: found 50 shaders (total: 8350)
Page 168: found 50 shaders (total: 8400)
Page 169: found 50 shaders (total: 8450)
Page 170: found 50 shaders (total: 8500)
Page 171: found 50 shaders (total: 8550)
Page 172: found 50 shaders (total: 8600)
Page 173: found 50 shaders (total: 8650)
Page 174: found 50 shaders (total: 8700)
Page 175: found 50 shaders (total: 8750)
Page 176: found 50 shaders (total: 8800)
Page 177: found 50 shaders (total: 8850)
Page 178: found 50 shaders (total: 8900)
Page 179: found 50 shaders (total: 8950)
Page 180: found 50 shaders (total: 9000)
Page 181: found 50 shaders (total: 9050)
Page 182: found 50 shaders (total: 9100)
Page 183: found 50 shaders (total: 9150)
Page 184: found 50 shaders (total: 9200)
Page 185: found 50 shaders (total: 9250)
Page 186: found 50 shaders (total: 9300)
Page 187: found 50 shaders (total: 9350)
Page 188: found 50 shaders (total: 9400)
Page 189: found 50 shaders (total: 9450)
Page 190: found 50 shaders (total: 9500)
Page 191: found 50 shaders (total: 9550)
Page 192: found 50 shaders (total: 9600)
Page 193: found 50 shaders (total: 9650)
Page 194: found 50 shaders (total: 9700)
Page 195: found 50 shaders (total: 9750)
Page 196: found 50 shaders (total: 9800)
Page 197: found 50 shaders (total: 9850)
Page 198: found 50 shaders (total: 9900)
Page 199: found 50 shaders (total: 9950)
Page 200: found 50 shaders (total: 10000)
Page 201: found 50 shaders (total: 10050)
Page 202: found 50 shaders (total: 10100)
Page 203: found 50 shaders (total: 10150)
Page 204: found 50 shaders (total: 10200)
Page 205: found 50 shaders (total: 10250)
Page 206: found 50 shaders (total: 10300)
Page 207: found 50 shaders (total: 10350)
Page 208: found 50 shaders (total: 10400)
Page 209: found 50 shaders (total: 10450)
Page 210: found 50 shaders (total: 10500)
Page 211: found 50 shaders (total: 10550)
Page 212: found 50 shaders (total: 10600)
Page 213: found 50 shaders (total: 10650)
Page 214: found 50 shaders (total: 10700)
Page 215: found 50 shaders (total: 10750)
Page 216: found 50 shaders (total: 10800)
Page 217: found 50 shaders (total: 10850)
Page 218: found 50 shaders (total: 10900)
Page 219: found 50 shaders (total: 10950)
Page 220: found 50 shaders (total: 11000)
Page 221: found 50 shaders (total: 11050)
Page 222: found 50 shaders (total: 11100)
Page 223: found 50 shaders (total: 11150)
Page 224: found 50 shaders (total: 11200)
Page 225: found 50 shaders (total: 11250)
Page 226: found 50 shaders (total: 11300)
Page 227: found 50 shaders (total: 11350)
Page 228: found 50 shaders (total: 11400)
Page 229: found 50 shaders (total: 11450)
Page 230: found 50 shaders (total: 11500)
Page 231: found 50 shaders (total: 11550)
Page 232: found 50 shaders (total: 11600)
Page 233: found 50 shaders (total: 11650)
Page 234: found 50 shaders (total: 11700)
Page 235: found 50 shaders (total: 11750)
Page 236: found 50 shaders (total: 11800)
Page 237: found 50 shaders (total: 11850)
Page 238: found 50 shaders (total: 11900)
Page 239: found 50 shaders (total: 11950)
Page 240: found 50 shaders (total: 12000)
Page 241: found 50 shaders (total: 12050)
Page 242: found 50 shaders (total: 12100)
Page 243: found 50 shaders (total: 12150)
Page 244: found 50 shaders (total: 12200)
Page 245: found 50 shaders (total: 12250)
Page 246: found 50 shaders (total: 12300)
Page 247: found 50 shaders (total: 12350)
Page 248: found 50 shaders (total: 12400)
Page 249: found 50 shaders (total: 12450)
Page 250: found 50 shaders (total: 12500)
Page 251: found 50 shaders (total: 12550)
Page 252: found 50 shaders (total: 12600)
Page 253: found 50 shaders (total: 12650)
Page 254: found 50 shaders (total: 12700)
Page 255: found 50 shaders (total: 12750)
Page 256: found 50 shaders (total: 12800)
Page 257: found 50 shaders (total: 12850)
Page 258: found 50 shaders (total: 12900)
Page 259: found 50 shaders (total: 12950)
Page 260: found 50 shaders (total: 13000)
Page 261: found 50 shaders (total: 13050)
Page 262: found 50 shaders (total: 13100)
Page 263: found 50 shaders (total: 13150)
Page 264: found 50 shaders (total: 13200)
Page 265: found 50 shaders (total: 13250)
Page 266: found 50 shaders (total: 13300)
Page 267: found 50 shaders (total: 13350)
Page 268: found 50 shaders (total: 13400)
Page 269: found 50 shaders (total: 13450)
Page 270: found 50 shaders (total: 13500)
Page 271: found 50 shaders (total: 13550)
Page 272: found 50 shaders (total: 13600)
Page 273: found 50 shaders (total: 13650)
Page 274: found 50 shaders (total: 13700)
Page 275: found 50 shaders (total: 13750)
Page 276: found 50 shaders (total: 13800)
Page 277: found 50 shaders (total: 13850)
Page 278: found 50 shaders (total: 13900)
Page 279: found 50 shaders (total: 13950)
Page 280: found 50 shaders (total: 14000)
Page 281: found 50 shaders (total: 14050)
Page 282: found 50 shaders (total: 14100)
Page 283: found 50 shaders (total: 14150)
Page 284: found 50 shaders (total: 14200)
Page 285: found 50 shaders (total: 14250)
Page 286: found 50 shaders (total: 14300)
Page 287: found 50 shaders (total: 14350)
Page 288: found 50 shaders (total: 14400)
Page 289: found 50 shaders (total: 14450)
Page 290: found 50 shaders (total: 14500)
Page 291: found 50 shaders (total: 14550)
Page 292: found 50 shaders (total: 14600)
Page 293: found 50 shaders (total: 14650)
Page 294: found 50 shaders (total: 14700)
Page 295: found 50 shaders (total: 14750)
Page 296: found 50 shaders (total: 14800)
Page 297: found 50 shaders (total: 14850)
Page 298: found 50 shaders (total: 14900)
Page 299: found 50 shaders (total: 14950)
Page 300: found 50 shaders (total: 15000)
Page 301: found 50 shaders (total: 15050)
Page 302: found 50 shaders (total: 15100)
Page 303: found 50 shaders (total: 15150)
Page 304: found 50 shaders (total: 15200)
Page 305: found 50 shaders (total: 15250)
Page 306: found 50 shaders (total: 15300)
Page 307: found 50 shaders (total: 15350)
Page 308: found 50 shaders (total: 15400)
Page 309: found 50 shaders (total: 15450)
Page 310: found 50 shaders (total: 15500)
Page 311: found 50 shaders (total: 15550)
Page 312: found 50 shaders (total: 15600)
Page 313: found 50 shaders (total: 15650)
Page 314: found 50 shaders (total: 15700)
Page 315: found 50 shaders (total: 15750)
Page 316: found 50 shaders (total: 15800)
Page 317: found 50 shaders (total: 15850)
Page 318: found 50 shaders (total: 15900)
Page 319: found 50 shaders (total: 15950)
Page 320: found 50 shaders (total: 16000)
Page 321: found 50 shaders (total: 16050)
Page 322: found 50 shaders (total: 16100)
Page 323: found 50 shaders (total: 16150)
Page 324: found 50 shaders (total: 16200)
Page 325: found 50 shaders (total: 16250)
Page 326: found 50 shaders (total: 16300)
Page 327: found 50 shaders (total: 16350)
Page 328: found 50 shaders (total: 16400)
Page 329: found 50 shaders (total: 16450)
Page 330: found 50 shaders (total: 16500)
Page 331: found 50 shaders (total: 16550)
Page 332: found 50 shaders (total: 16600)
Page 333: found 50 shaders (total: 16650)
Page 334: found 50 shaders (total: 16700)
Page 335: found 50 shaders (total: 16750)
Page 336: found 50 shaders (total: 16800)
Page 337: found 50 shaders (total: 16850)
Page 338: found 50 shaders (total: 16900)
Page 339: found 50 shaders (total: 16950)
Page 340: found 50 shaders (total: 17000)
Page 341: found 50 shaders (total: 17050)
Page 342: found 50 shaders (total: 17100)
Page 343: found 50 shaders (total: 17150)
Page 344: found 50 shaders (total: 17200)
Page 345: found 50 shaders (total: 17250)
Page 346: found 50 shaders (total: 17300)
Page 347: found 50 shaders (total: 17350)
Page 348: found 50 shaders (total: 17400)
Page 349: found 50 shaders (total: 17450)
Page 350: found 50 shaders (total: 17500)
Page 351: found 50 shaders (total: 17550)
Page 352: found 50 shaders (total: 17600)
Page 353: found 50 shaders (total: 17650)
Page 354: found 50 shaders (total: 17700)
Page 355: found 50 shaders (total: 17750)
Page 356: found 50 shaders (total: 17800)
Page 357: found 50 shaders (total: 17850)
Page 358: found 50 shaders (total: 17900)
Page 359: found 50 shaders (total: 17950)
Page 360: found 50 shaders (total: 18000)
Page 361: found 50 shaders (total: 18050)
Page 362: found 50 shaders (total: 18100)
Page 363: found 50 shaders (total: 18150)
Page 364: found 50 shaders (total: 18200)
Page 365: found 50 shaders (total: 18250)
Page 366: found 50 shaders (total: 18300)
Page 367: found 50 shaders (total: 18350)
Page 368: found 50 shaders (total: 18400)
Page 369: found 50 shaders (total: 18450)
Page 370: found 50 shaders (total: 18500)
Page 371: found 50 shaders (total: 18550)
Page 372: found 50 shaders (total: 18600)
Page 373: found 50 shaders (total: 18650)
Page 374: found 50 shaders (total: 18700)
Page 375: found 50 shaders (total: 18750)
Page 376: found 50 shaders (total: 18800)
Page 377: found 50 shaders (total: 18850)
Page 378: found 50 shaders (total: 18900)
Page 379: found 50 shaders (total: 18950)
Page 380: found 50 shaders (total: 19000)
Page 381: found 50 shaders (total: 19050)
Page 382: found 50 shaders (total: 19100)
Page 383: found 50 shaders (total: 19150)
Page 384: found 50 shaders (total: 19200)
Page 385: found 50 shaders (total: 19250)
Page 386: found 50 shaders (total: 19300)
Page 387: found 50 shaders (total: 19350)
Page 388: found 50 shaders (total: 19400)
Page 389: found 50 shaders (total: 19450)
Page 390: found 50 shaders (total: 19500)
Page 391: found 50 shaders (total: 19550)
Page 392: found 50 shaders (total: 19600)
Page 393: found 50 shaders (total: 19650)
Page 394: found 50 shaders (total: 19700)
Page 395: found 50 shaders (total: 19750)
Page 396: found 50 shaders (total: 19800)
Page 397: found 50 shaders (total: 19850)
Page 398: found 50 shaders (total: 19900)
Page 399: found 50 shaders (total: 19950)
Page 400: found 50 shaders (total: 20000)
Page 401: found 50 shaders (total: 20050)
Page 402: found 50 shaders (total: 20100)
Page 403: found 50 shaders (total: 20150)
Page 404: found 50 shaders (total: 20200)
Page 405: found 50 shaders (total: 20250)
Page 406: found 50 shaders (total: 20300)
Page 407: found 50 shaders (total: 20350)
Page 408: found 50 shaders (total: 20400)
Page 409: found 50 shaders (total: 20450)
Page 410: found 50 shaders (total: 20500)
Page 411: found 50 shaders (total: 20550)
Page 412: found 50 shaders (total: 20600)
Page 413: found 50 shaders (total: 20650)
Page 414: found 50 shaders (total: 20700)
Page 415: found 50 shaders (total: 20750)
Page 416: found 50 shaders (total: 20800)
Page 417: found 50 shaders (total: 20850)
Page 418: found 50 shaders (total: 20900)
Page 419: found 50 shaders (total: 20950)
Page 420: found 50 shaders (total: 21000)
Page 421: found 50 shaders (total: 21050)
Page 422: found 50 shaders (total: 21100)
Page 423: found 50 shaders (total: 21150)
Page 424: found 50 shaders (total: 21200)
Page 425: found 50 shaders (total: 21250)
Page 426: found 50 shaders (total: 21300)
Page 427: found 50 shaders (total: 21350)
Page 428: found 50 shaders (total: 21400)
Page 429: found 50 shaders (total: 21450)
Page 430: found 50 shaders (total: 21500)
Page 431: found 50 shaders (total: 21550)
Page 432: found 50 shaders (total: 21600)
Page 433: found 50 shaders (total: 21650)
Page 434: found 50 shaders (total: 21700)
Page 435: found 50 shaders (total: 21750)
Page 436: found 50 shaders (total: 21800)
Page 437: found 50 shaders (total: 21850)
Page 438: found 50 shaders (total: 21900)
Page 439: found 50 shaders (total: 21950)
Page 440: found 50 shaders (total: 22000)
Page 441: found 50 shaders (total: 22050)
Page 442: found 50 shaders (total: 22100)
Page 443: found 50 shaders (total: 22150)
Page 444: found 50 shaders (total: 22200)
Page 445: found 50 shaders (total: 22250)
Page 446: found 50 shaders (total: 22300)
Page 447: found 50 shaders (total: 22350)
Page 448: found 50 shaders (total: 22400)
Page 449: found 50 shaders (total: 22450)
Page 450: found 50 shaders (total: 22500)
Page 451: found 50 shaders (total: 22550)
Page 452: found 50 shaders (total: 22600)
Page 453: found 50 shaders (total: 22650)
Page 454: found 50 shaders (total: 22700)
Page 455: found 50 shaders (total: 22750)
Page 456: found 50 shaders (total: 22800)
Page 457: found 50 shaders (total: 22850)
Page 458: found 50 shaders (total: 22900)
Page 459: found 50 shaders (total: 22950)
Page 460: found 50 shaders (total: 23000)
Page 461: found 50 shaders (total: 23050)
Page 462: found 50 shaders (total: 23100)
Page 463: found 50 shaders (total: 23150)
Page 464: found 50 shaders (total: 23200)
Page 465: found 50 shaders (total: 23250)
Page 466: found 50 shaders (total: 23300)
Page 467: found 50 shaders (total: 23350)
Page 468: found 50 shaders (total: 23400)
Page 469: found 50 shaders (total: 23450)
Page 470: found 50 shaders (total: 23500)
Page 471: found 50 shaders (total: 23550)
Page 472: found 50 shaders (total: 23600)
Page 473: found 50 shaders (total: 23650)
Page 474: found 50 shaders (total: 23700)
Page 475: found 50 shaders (total: 23750)
Page 476: found 50 shaders (total: 23800)
Page 477: found 50 shaders (total: 23850)
Page 478: found 50 shaders (total: 23900)
Page 479: found 50 shaders (total: 23950)
Page 480: found 50 shaders (total: 24000)
Page 481: found 50 shaders (total: 24050)
Page 482: found 50 shaders (total: 24100)
Page 483: found 50 shaders (total: 24150)
Page 484: found 50 shaders (total: 24200)
Page 485: found 50 shaders (total: 24250)
Page 486: found 50 shaders (total: 24300)
Page 487: found 50 shaders (total: 24350)
Page 488: found 50 shaders (total: 24400)
Page 489: found 50 shaders (total: 24450)
Page 490: found 50 shaders (total: 24500)
Page 491: found 50 shaders (total: 24550)
Page 492: found 50 shaders (total: 24600)
Page 493: found 50 shaders (total: 24650)
Page 494: found 50 shaders (total: 24700)
Page 495: found 50 shaders (total: 24750)
Page 496: found 50 shaders (total: 24800)
Page 497: found 50 shaders (total: 24850)
Page 498: found 50 shaders (total: 24900)
Page 499: found 50 shaders (total: 24950)
Page 500: found 50 shaders (total: 25000)
Page 501: found 50 shaders (total: 25050)
Page 502: found 50 shaders (total: 25100)
Page 503: found 50 shaders (total: 25150)
Page 504: found 50 shaders (total: 25200)
Page 505: found 50 shaders (total: 25250)
Page 506: found 50 shaders (total: 25300)
Page 507: found 50 shaders (total: 25350)
Page 508: found 50 shaders (total: 25400)
Page 509: found 50 shaders (total: 25450)
Page 510: found 50 shaders (total: 25500)
Page 511: found 50 shaders (total: 25550)
Page 512: found 50 shaders (total: 25600)
Page 513: found 50 shaders (total: 25650)
Page 514: found 50 shaders (total: 25700)
Page 515: found 50 shaders (total: 25750)
Page 516: found 50 shaders (total: 25800)
Page 517: found 50 shaders (total: 25850)
Page 518: found 50 shaders (total: 25900)
Page 519: found 50 shaders (total: 25950)
Page 520: found 50 shaders (total: 26000)
Page 521: found 50 shaders (total: 26050)
Page 522: found 50 shaders (total: 26100)
Page 523: found 50 shaders (total: 26150)
Page 524: found 50 shaders (total: 26200)
Page 525: found 50 shaders (total: 26250)
Page 526: found 50 shaders (total: 26300)
Page 527: found 50 shaders (total: 26350)
Page 528: found 50 shaders (total: 26400)
Page 529: found 50 shaders (total: 26450)
Page 530: found 50 shaders (total: 26500)
Page 531: found 50 shaders (total: 26550)
Page 532: found 50 shaders (total: 26600)
Page 533: found 50 shaders (total: 26650)
Page 534: found 50 shaders (total: 26700)
Page 535: found 50 shaders (total: 26750)
Page 536: found 50 shaders (total: 26800)
Page 537: found 50 shaders (total: 26850)
Page 538: found 50 shaders (total: 26900)
Page 539: found 50 shaders (total: 26950)
Page 540: found 50 shaders (total: 27000)
Page 541: found 50 shaders (total: 27050)
Page 542: found 50 shaders (total: 27100)
Page 543: found 50 shaders (total: 27150)
Page 544: found 50 shaders (total: 27200)
Page 545: found 50 shaders (total: 27250)
Page 546: found 50 shaders (total: 27300)
Page 547: found 50 shaders (total: 27350)
Page 548: found 50 shaders (total: 27400)
Page 549: found 50 shaders (total: 27450)
Page 550: found 50 shaders (total: 27500)
Page 551: found 50 shaders (total: 27550)
Page 552: found 50 shaders (total: 27600)
Page 553: found 50 shaders (total: 27650)
Page 554: found 50 shaders (total: 27700)
Page 555: found 50 shaders (total: 27750)
Page 556: found 50 shaders (total: 27800)
Page 557: found 50 shaders (total: 27850)
Page 558: found 50 shaders (total: 27900)
Page 559: found 50 shaders (total: 27950)
Page 560: found 50 shaders (total: 28000)
Page 561: found 50 shaders (total: 28050)
Page 562: found 50 shaders (total: 28100)
Page 563: found 50 shaders (total: 28150)
Page 564: found 50 shaders (total: 28200)
Page 565: found 50 shaders (total: 28250)
Page 566: found 50 shaders (total: 28300)
Page 567: found 50 shaders (total: 28350)
Page 568: found 50 shaders (total: 28400)
Page 569: found 50 shaders (total: 28450)
Page 570: found 50 shaders (total: 28500)
Page 571: found 50 shaders (total: 28550)
Page 572: found 50 shaders (total: 28600)
Page 573: found 50 shaders (total: 28650)
Page 574: found 50 shaders (total: 28700)
Page 575: found 50 shaders (total: 28750)
Page 576: found 50 shaders (total: 28800)
Page 577: found 50 shaders (total: 28850)
Page 578: found 50 shaders (total: 28900)
Page 579: found 50 shaders (total: 28950)
Page 580: found 50 shaders (total: 29000)
Page 581: found 50 shaders (total: 29050)
Page 582: found 50 shaders (total: 29100)
Page 583: found 50 shaders (total: 29150)
Page 584: found 50 shaders (total: 29200)
Page 585: found 50 shaders (total: 29250)
Page 586: found 50 shaders (total: 29300)
Page 587: found 50 shaders (total: 29350)
Page 588: found 50 shaders (total: 29400)
Page 589: found 50 shaders (total: 29450)
Page 590: found 50 shaders (total: 29500)
Page 591: found 50 shaders (total: 29550)
Page 592: found 50 shaders (total: 29600)
Page 593: found 50 shaders (total: 29650)
Page 594: found 50 shaders (total: 29700)
Page 595: found 50 shaders (total: 29750)
Page 596: found 50 shaders (total: 29800)
Page 597: found 50 shaders (total: 29850)
Page 598: found 50 shaders (total: 29900)
Page 599: found 50 shaders (total: 29950)
Page 600: found 50 shaders (total: 30000)
Page 601: found 50 shaders (total: 30050)
Page 602: found 50 shaders (total: 30100)
Page 603: found 50 shaders (total: 30150)
Page 604: found 50 shaders (total: 30200)
Page 605: found 50 shaders (total: 30250)
Page 606: found 50 shaders (total: 30300)
Page 607: found 50 shaders (total: 30350)
Page 608: found 50 shaders (total: 30400)
Page 609: found 50 shaders (total: 30450)
Page 610: found 50 shaders (total: 30500)
Page 611: found 50 shaders (total: 30550)
Page 612: found 50 shaders (total: 30600)
Page 613: found 50 shaders (total: 30650)
Page 614: found 50 shaders (total: 30700)
Page 615: found 50 shaders (total: 30750)
Page 616: found 50 shaders (total: 30800)
Page 617: found 50 shaders (total: 30850)
Page 618: found 50 shaders (total: 30900)
Page 619: found 50 shaders (total: 30950)
Page 620: found 50 shaders (total: 31000)
Page 621: found 50 shaders (total: 31050)
Page 622: found 50 shaders (total: 31100)
Page 623: found 50 shaders (total: 31150)
Page 624: found 50 shaders (total: 31200)
Page 625: found 50 shaders (total: 31250)
Page 626: found 50 shaders (total: 31300)
Page 627: found 50 shaders (total: 31350)
Page 628: found 50 shaders (total: 31400)
Page 629: found 50 shaders (total: 31450)
Page 630: found 50 shaders (total: 31500)
Page 631: found 50 shaders (total: 31550)
Page 632: found 50 shaders (total: 31600)
Page 633: found 50 shaders (total: 31650)
Page 634: found 50 shaders (total: 31700)
Page 635: found 50 shaders (total: 31750)
Page 636: found 50 shaders (total: 31800)
Page 637: found 50 shaders (total: 31850)
Page 638: found 50 shaders (total: 31900)
Page 639: found 50 shaders (total: 31950)
Page 640: found 50 shaders (total: 32000)
Page 641: found 50 shaders (total: 32050)
Page 642: found 50 shaders (total: 32100)
Page 643: found 50 shaders (total: 32150)
Page 644: found 50 shaders (total: 32200)
Page 645: found 50 shaders (total: 32250)
Page 646: found 50 shaders (total: 32300)
Page 647: found 50 shaders (total: 32350)
Page 648: found 50 shaders (total: 32400)
Page 649: found 50 shaders (total: 32450)
Page 650: found 50 shaders (total: 32500)
Page 651: found 50 shaders (total: 32550)
Page 652: found 50 shaders (total: 32600)
Page 653: found 50 shaders (total: 32650)
Page 654: found 50 shaders (total: 32700)
Page 655: found 50 shaders (total: 32750)
Page 656: found 50 shaders (total: 32800)
Page 657: found 50 shaders (total: 32850)
Page 658: found 50 shaders (total: 32900)
Page 659: found 50 shaders (total: 32950)
Page 660: found 50 shaders (total: 33000)
Page 661: found 50 shaders (total: 33050)
Page 662: found 50 shaders (total: 33100)
Page 663: found 50 shaders (total: 33150)
Page 664: found 50 shaders (total: 33200)
Page 665: found 50 shaders (total: 33250)
Page 666: found 50 shaders (total: 33300)
Page 667: found 50 shaders (total: 33350)
Page 668: found 50 shaders (total: 33400)
Page 669: found 50 shaders (total: 33450)
Page 670: found 50 shaders (total: 33500)
Page 671: found 50 shaders (total: 33550)
Page 672: found 50 shaders (total: 33600)
Page 673: found 50 shaders (total: 33650)
Page 674: found 50 shaders (total: 33700)
Page 675: found 50 shaders (total: 33750)
Page 676: found 50 shaders (total: 33800)
Page 677: found 50 shaders (total: 33850)
Page 678: found 50 shaders (total: 33900)
Page 679: found 50 shaders (total: 33950)
Page 680: found 50 shaders (total: 34000)
Page 681: found 50 shaders (total: 34050)
Page 682: found 50 shaders (total: 34100)
Page 683: found 50 shaders (total: 34150)
Page 684: found 50 shaders (total: 34200)
Page 685: found 50 shaders (total: 34250)
Page 686: found 50 shaders (total: 34300)
Page 687: found 50 shaders (total: 34350)
Page 688: found 50 shaders (total: 34400)
Page 689: found 50 shaders (total: 34450)
Page 690: found 50 shaders (total: 34500)
Page 691: found 50 shaders (total: 34550)
Page 692: found 50 shaders (total: 34600)
Page 693: found 50 shaders (total: 34650)
Page 694: found 50 shaders (total: 34700)
Page 695: found 50 shaders (total: 34750)
Page 696: found 50 shaders (total: 34800)
Page 697: found 50 shaders (total: 34850)
Page 698: found 50 shaders (total: 34900)
Page 699: found 50 shaders (total: 34950)
Page 700: found 50 shaders (total: 35000)
Page 701: found 50 shaders (total: 35050)
Page 702: found 50 shaders (total: 35100)
Page 703: found 50 shaders (total: 35150)
Page 704: found 50 shaders (total: 35200)
Page 705: found 50 shaders (total: 35250)
Page 706: found 50 shaders (total: 35300)
Page 707: found 50 shaders (total: 35350)
Page 708: found 50 shaders (total: 35400)
Page 709: found 50 shaders (total: 35450)
Page 710: found 50 shaders (total: 35500)
Page 711: found 50 shaders (total: 35550)
Page 712: found 50 shaders (total: 35600)
Page 713: found 50 shaders (total: 35650)
Page 714: found 50 shaders (total: 35700)
Page 715: found 50 shaders (total: 35750)
Page 716: found 50 shaders (total: 35800)
Page 717: found 50 shaders (total: 35850)
Page 718: found 50 shaders (total: 35900)
Page 719: found 50 shaders (total: 35950)
Page 720: found 50 shaders (total: 36000)
Page 721: found 50 shaders (total: 36050)
Page 722: found 50 shaders (total: 36100)
Page 723: found 50 shaders (total: 36150)
Page 724: found 50 shaders (total: 36200)
Page 725: found 50 shaders (total: 36250)
Page 726: found 50 shaders (total: 36300)
Page 727: found 50 shaders (total: 36350)
Page 728: found 50 shaders (total: 36400)
Page 729: found 50 shaders (total: 36450)
Page 730: found 50 shaders (total: 36500)
Page 731: found 50 shaders (total: 36550)
Page 732: found 50 shaders (total: 36600)
Page 733: found 50 shaders (total: 36650)
Page 734: found 50 shaders (total: 36700)
Page 735: found 50 shaders (total: 36750)
Page 736: found 50 shaders (total: 36800)
Page 737: found 50 shaders (total: 36850)
Page 738: found 50 shaders (total: 36900)
Page 739: found 50 shaders (total: 36950)
Page 740: found 50 shaders (total: 37000)
Page 741: found 50 shaders (total: 37050)
Page 742: found 50 shaders (total: 37100)
Page 743: found 50 shaders (total: 37150)
Page 744: found 50 shaders (total: 37200)
Page 745: found 50 shaders (total: 37250)
Page 746: found 50 shaders (total: 37300)
Page 747: found 50 shaders (total: 37350)
Page 748: found 50 shaders (total: 37400)
Page 749: found 50 shaders (total: 37450)
Page 750: found 50 shaders (total: 37500)
Page 751: found 50 shaders (total: 37550)
Page 752: found 50 shaders (total: 37600)
Page 753: found 50 shaders (total: 37650)
Page 754: found 50 shaders (total: 37700)
Page 755: found 50 shaders (total: 37750)
Page 756: found 50 shaders (total: 37800)
Page 757: found 50 shaders (total: 37850)
Page 758: found 50 shaders (total: 37900)
Page 759: found 50 shaders (total: 37950)
Page 760: found 50 shaders (total: 38000)
Page 761: found 50 shaders (total: 38050)
Page 762: found 50 shaders (total: 38100)
Page 763: found 50 shaders (total: 38150)
Page 764: found 50 shaders (total: 38200)
Page 765: found 50 shaders (total: 38250)
Page 766: found 50 shaders (total: 38300)
Page 767: found 50 shaders (total: 38350)
Page 768: found 50 shaders (total: 38400)
Page 769: found 50 shaders (total: 38450)
Page 770: found 50 shaders (total: 38500)
Page 771: found 50 shaders (total: 38550)
Page 772: found 50 shaders (total: 38600)
Page 773: found 50 shaders (total: 38650)
Page 774: found 50 shaders (total: 38700)
Page 775: found 50 shaders (total: 38750)
Page 776: found 50 shaders (total: 38800)
Page 777: found 50 shaders (total: 38850)
Page 778: found 50 shaders (total: 38900)
Page 779: found 50 shaders (total: 38950)
Page 780: found 50 shaders (total: 39000)
Page 781: found 50 shaders (total: 39050)
Page 782: found 50 shaders (total: 39100)
Page 783: found 50 shaders (total: 39150)
Page 784: found 50 shaders (total: 39200)
Page 785: found 50 shaders (total: 39250)
Page 786: found 50 shaders (total: 39300)
Page 787: found 50 shaders (total: 39350)
Page 788: found 50 shaders (total: 39400)
Page 789: found 50 shaders (total: 39450)
Page 790: found 50 shaders (total: 39500)
Page 791: found 50 shaders (total: 39550)
Page 792: found 50 shaders (total: 39600)
Page 793: found 50 shaders (total: 39650)
Page 794: found 50 shaders (total: 39700)
Page 795: found 50 shaders (total: 39750)
Page 796: found 50 shaders (total: 39800)
Page 797: found 50 shaders (total: 39850)
Page 798: found 50 shaders (total: 39900)
Page 799: found 50 shaders (total: 39950)
Page 800: found 50 shaders (total: 40000)
Page 801: found 50 shaders (total: 40050)
Page 802: found 50 shaders (total: 40100)
Page 803: found 50 shaders (total: 40150)
Page 804: found 50 shaders (total: 40200)
Page 805: found 50 shaders (total: 40250)
Page 806: found 50 shaders (total: 40300)
Page 807: found 50 shaders (total: 40350)
Page 808: found 50 shaders (total: 40400)
Page 809: found 50 shaders (total: 40450)
Page 810: found 50 shaders (total: 40500)
Page 811: found 50 shaders (total: 40550)
Page 812: found 50 shaders (total: 40600)
Page 813: found 50 shaders (total: 40650)
Page 814: found 50 shaders (total: 40700)
Page 815: found 50 shaders (total: 40750)
Page 816: found 50 shaders (total: 40800)
Page 817: found 50 shaders (total: 40850)
Page 818: found 50 shaders (total: 40900)
Page 819: found 50 shaders (total: 40950)
Page 820: found 50 shaders (total: 41000)
Page 821: found 50 shaders (total: 41050)
Page 822: found 50 shaders (total: 41100)
Page 823: found 50 shaders (total: 41150)
Page 824: found 50 shaders (total: 41200)
Page 825: found 50 shaders (total: 41250)
Page 826: found 50 shaders (total: 41300)
Page 827: found 50 shaders (total: 41350)
Page 828: found 50 shaders (total: 41400)
Page 829: found 50 shaders (total: 41450)
Page 830: found 50 shaders (total: 41500)
Page 831: found 50 shaders (total: 41550)
Page 832: found 50 shaders (total: 41600)
Page 833: found 50 shaders (total: 41650)
Page 834: found 50 shaders (total: 41700)
Page 835: found 50 shaders (total: 41750)
Page 836: found 50 shaders (total: 41800)
Page 837: found 50 shaders (total: 41850)
Page 838: found 50 shaders (total: 41900)
Page 839: found 50 shaders (total: 41950)
Page 840: found 50 shaders (total: 42000)
Page 841: found 50 shaders (total: 42050)
Page 842: found 50 shaders (total: 42100)
Page 843: found 50 shaders (total: 42150)
Page 844: found 50 shaders (total: 42200)
Page 845: found 50 shaders (total: 42250)
Page 846: found 50 shaders (total: 42300)
Page 847: found 50 shaders (total: 42350)
Page 848: found 50 shaders (total: 42400)
Page 849: found 50 shaders (total: 42450)
Page 850: found 50 shaders (total: 42500)
Page 851: found 50 shaders (total: 42550)
Page 852: found 50 shaders (total: 42600)
Page 853: found 50 shaders (total: 42650)
Page 854: found 50 shaders (total: 42700)
Page 855: found 50 shaders (total: 42750)
Page 856: found 50 shaders (total: 42800)
Page 857: found 50 shaders (total: 42850)
Page 858: found 50 shaders (total: 42900)
Page 859: found 50 shaders (total: 42950)
Page 860: found 50 shaders (total: 43000)
Page 861: found 50 shaders (total: 43050)
Page 862: found 50 shaders (total: 43100)
Page 863: found 50 shaders (total: 43150)
Page 864: found 50 shaders (total: 43200)
Page 865: found 50 shaders (total: 43250)
Page 866: found 50 shaders (total: 43300)
Page 867: found 50 shaders (total: 43350)
Page 868: found 50 shaders (total: 43400)
Page 869: found 50 shaders (total: 43450)
Page 870: found 50 shaders (total: 43500)
Page 871: found 50 shaders (total: 43550)
Page 872: found 50 shaders (total: 43600)
Page 873: found 50 shaders (total: 43650)
Page 874: found 50 shaders (total: 43700)
Page 875: found 50 shaders (total: 43750)
Page 876: found 50 shaders (total: 43800)
Page 877: found 50 shaders (total: 43850)
Page 878: found 50 shaders (total: 43900)
Page 879: found 50 shaders (total: 43950)
Page 880: found 50 shaders (total: 44000)
Page 881: found 50 shaders (total: 44050)
Page 882: found 50 shaders (total: 44100)
Page 883: found 50 shaders (total: 44150)
Page 884: found 50 shaders (total: 44200)
Page 885: found 50 shaders (total: 44250)
Page 886: found 50 shaders (total: 44300)
Page 887: found 50 shaders (total: 44350)
Page 888: found 50 shaders (total: 44400)
Page 889: found 50 shaders (total: 44450)
Page 890: found 50 shaders (total: 44500)
Page 891: found 50 shaders (total: 44550)
Page 892: found 50 shaders (total: 44600)
Page 893: found 50 shaders (total: 44650)
Page 894: found 50 shaders (total: 44700)
Page 895: found 50 shaders (total: 44750)
Page 896: found 50 shaders (total: 44800)
Page 897: found 50 shaders (total: 44850)
Page 898: found 50 shaders (total: 44900)
Page 899: found 50 shaders (total: 44950)
Page 900: found 50 shaders (total: 45000)
Page 901: found 50 shaders (total: 45050)
Page 902: found 50 shaders (total: 45100)
Page 903: found 50 shaders (total: 45150)
Page 904: found 50 shaders (total: 45200)
Page 905: found 50 shaders (total: 45250)
Page 906: found 50 shaders (total: 45300)
Page 907: found 50 shaders (total: 45350)
Page 908: found 50 shaders (total: 45400)
Page 909: found 50 shaders (total: 45450)
Page 910: found 50 shaders (total: 45500)
Page 911: found 50 shaders (total: 45550)
Page 912: found 50 shaders (total: 45600)
Page 913: found 50 shaders (total: 45650)
Page 914: found 50 shaders (total: 45700)
Page 915: found 50 shaders (total: 45750)
Page 916: found 50 shaders (total: 45800)
Page 917: found 50 shaders (total: 45850)
Page 918: found 50 shaders (total: 45900)
Page 919: found 50 shaders (total: 45950)
Page 920: found 50 shaders (total: 46000)
Page 921: found 50 shaders (total: 46050)
Page 922: found 50 shaders (total: 46100)
Page 923: found 50 shaders (total: 46150)
Page 924: found 50 shaders (total: 46200)
Page 925: found 50 shaders (total: 46250)
Page 926: found 50 shaders (total: 46300)
Page 927: found 50 shaders (total: 46350)
Page 928: found 50 shaders (total: 46400)
Page 929: found 50 shaders (total: 46450)
Page 930: found 50 shaders (total: 46500)
Page 931: found 50 shaders (total: 46550)
Page 932: found 50 shaders (total: 46600)
Page 933: found 50 shaders (total: 46650)
Page 934: found 50 shaders (total: 46700)
Page 935: found 50 shaders (total: 46750)
Page 936: found 50 shaders (total: 46800)
Page 937: found 50 shaders (total: 46850)
Page 938: found 50 shaders (total: 46900)
Page 939: found 50 shaders (total: 46950)
Page 940: found 50 shaders (total: 47000)
Page 941: found 50 shaders (total: 47050)
Page 942: found 50 shaders (total: 47100)
Page 943: found 50 shaders (total: 47150)
Page 944: found 50 shaders (total: 47200)
Page 945: found 50 shaders (total: 47250)
Page 946: found 50 shaders (total: 47300)
Page 947: found 50 shaders (total: 47350)
Page 948: found 50 shaders (total: 47400)
Page 949: found 50 shaders (total: 47450)
Page 950: found 50 shaders (total: 47500)
Page 951: found 50 shaders (total: 47550)
Page 952: found 50 shaders (total: 47600)
Page 953: found 50 shaders (total: 47650)
Page 954: found 50 shaders (total: 47700)
Page 955: found 50 shaders (total: 47750)
Page 956: found 50 shaders (total: 47800)
Page 957: found 50 shaders (total: 47850)
Page 958: found 50 shaders (total: 47900)
Page 959: found 50 shaders (total: 47950)
Page 960: found 50 shaders (total: 48000)
Page 961: found 50 shaders (total: 48050)
Page 962: found 50 shaders (total: 48100)
Page 963: found 50 shaders (total: 48150)
Page 964: found 50 shaders (total: 48200)
Page 965: found 50 shaders (total: 48250)
Page 966: found 50 shaders (total: 48300)
Page 967: found 50 shaders (total: 48350)
Page 968: found 50 shaders (total: 48400)
Page 969: found 50 shaders (total: 48450)
Page 970: found 50 shaders (total: 48500)
Page 971: found 50 shaders (total: 48550)
Page 972: found 50 shaders (total: 48600)
Page 973: found 50 shaders (total: 48650)
Page 974: found 50 shaders (total: 48700)
Page 975: found 50 shaders (total: 48750)
Page 976: found 50 shaders (total: 48800)
Page 977: found 50 shaders (total: 48850)
Page 978: found 50 shaders (total: 48900)
Page 979: found 50 shaders (total: 48950)
Page 980: found 50 shaders (total: 49000)
Page 981: found 50 shaders (total: 49050)
Page 982: found 50 shaders (total: 49100)
Page 983: found 50 shaders (total: 49150)
Page 984: found 50 shaders (total: 49200)
Page 985: found 50 shaders (total: 49250)
Page 986: found 50 shaders (total: 49300)
Page 987: found 50 shaders (total: 49350)
Page 988: found 50 shaders (total: 49400)
Page 989: found 50 shaders (total: 49450)
Page 990: found 50 shaders (total: 49500)
Page 991: found 50 shaders (total: 49550)
Page 992: found 50 shaders (total: 49600)
Page 993: found 50 shaders (total: 49650)
Page 994: found 50 shaders (total: 49700)
Page 995: found 50 shaders (total: 49750)
Page 996: found 50 shaders (total: 49800)
Page 997: found 50 shaders (total: 49850)
Page 998: found 50 shaders (total: 49900)
Page 999: found 50 shaders (total: 49950)
Page 1000: found 50 shaders (total: 50000)
Page 1001: found 50 shaders (total: 50050)
Page 1002: found 50 shaders (total: 50100)
Page 1003: found 50 shaders (total: 50150)
Page 1004: found 50 shaders (total: 50200)
Page 1005: found 50 shaders (total: 50250)
Page 1006: found 50 shaders (total: 50300)
Page 1007: found 50 shaders (total: 50350)
Page 1008: found 50 shaders (total: 50400)
Page 1009: found 50 shaders (total: 50450)
Page 1010: found 50 shaders (total: 50500)
Page 1011: found 50 shaders (total: 50550)
Page 1012: found 50 shaders (total: 50600)
Page 1013: found 50 shaders (total: 50650)
Page 1014: found 50 shaders (total: 50700)
Page 1015: found 50 shaders (total: 50750)
Page 1016: found 50 shaders (total: 50800)
Page 1017: found 50 shaders (total: 50850)
Page 1018: found 50 shaders (total: 50900)
Page 1019: found 50 shaders (total: 50950)
Page 1020: found 50 shaders (total: 51000)
Page 1021: found 50 shaders (total: 51050)
Page 1022: found 50 shaders (total: 51100)
Page 1023: found 50 shaders (total: 51150)
Page 1024: found 50 shaders (total: 51200)
Page 1025: found 50 shaders (total: 51250)
Page 1026: found 50 shaders (total: 51300)
Page 1027: found 50 shaders (total: 51350)
Page 1028: found 50 shaders (total: 51400)
Page 1029: found 50 shaders (total: 51450)
Page 1030: found 50 shaders (total: 51500)
Page 1031: found 50 shaders (total: 51550)
Page 1032: found 50 shaders (total: 51600)
Page 1033: found 50 shaders (total: 51650)
Page 1034: found 50 shaders (total: 51700)
Page 1035: found 50 shaders (total: 51750)
Page 1036: found 50 shaders (total: 51800)
Page 1037: found 50 shaders (total: 51850)
Page 1038: found 50 shaders (total: 51900)
Page 1039: found 50 shaders (total: 51950)
Page 1040: found 50 shaders (total: 52000)
Page 1041: found 50 shaders (total: 52050)
Page 1042: found 50 shaders (total: 52100)
Page 1043: found 50 shaders (total: 52150)
Page 1044: found 50 shaders (total: 52200)
Page 1045: found 50 shaders (total: 52250)
Page 1046: found 50 shaders (total: 52300)
Page 1047: found 50 shaders (total: 52350)
Page 1048: found 50 shaders (total: 52400)
Page 1049: found 50 shaders (total: 52450)
Page 1050: found 50 shaders (total: 52500)
Page 1051: found 50 shaders (total: 52550)
Page 1052: found 50 shaders (total: 52600)
Page 1053: found 50 shaders (total: 52650)
Page 1054: found 50 shaders (total: 52700)
Page 1055: found 50 shaders (total: 52750)
Page 1056: found 50 shaders (total: 52800)
Page 1057: found 50 shaders (total: 52850)
Page 1058: found 50 shaders (total: 52900)
Page 1059: found 50 shaders (total: 52950)
Page 1060: found 50 shaders (total: 53000)
Page 1061: found 50 shaders (total: 53050)
Page 1062: found 50 shaders (total: 53100)
Page 1063: found 50 shaders (total: 53150)
Page 1064: found 50 shaders (total: 53200)
Page 1065: found 50 shaders (total: 53250)
Page 1066: found 50 shaders (total: 53300)
Page 1067: found 50 shaders (total: 53350)
Page 1068: found 50 shaders (total: 53400)
Page 1069: found 50 shaders (total: 53450)
Page 1070: found 50 shaders (total: 53500)
Page 1071: found 50 shaders (total: 53550)
Page 1072: found 50 shaders (total: 53600)
Page 1073: found 50 shaders (total: 53650)
Page 1074: found 50 shaders (total: 53700)
Page 1075: found 50 shaders (total: 53750)
Page 1076: found 50 shaders (total: 53800)
Page 1077: found 50 shaders (total: 53850)
Page 1078: found 50 shaders (total: 53900)
Page 1079: found 50 shaders (total: 53950)
Page 1080: found 50 shaders (total: 54000)
Page 1081: found 50 shaders (total: 54050)
Page 1082: found 50 shaders (total: 54100)
Page 1083: found 50 shaders (total: 54150)
Page 1084: found 50 shaders (total: 54200)
Page 1085: found 50 shaders (total: 54250)
Page 1086: found 50 shaders (total: 54300)
Page 1087: found 50 shaders (total: 54350)
Page 1088: found 50 shaders (total: 54400)
Page 1089: found 50 shaders (total: 54450)
Page 1090: found 50 shaders (total: 54500)
Page 1091: found 50 shaders (total: 54550)
Page 1092: found 50 shaders (total: 54600)
Page 1093: found 50 shaders (total: 54650)
Page 1094: found 50 shaders (total: 54700)
Page 1095: found 50 shaders (total: 54750)
Page 1096: found 50 shaders (total: 54800)
Page 1097: found 50 shaders (total: 54850)
Page 1098: found 50 shaders (total: 54900)
Page 1099: found 50 shaders (total: 54950)
Page 1100: found 50 shaders (total: 55000)
Page 1101: found 50 shaders (total: 55050)
Page 1102: found 50 shaders (total: 55100)
Page 1103: found 50 shaders (total: 55150)
Page 1104: found 50 shaders (total: 55200)
Page 1105: found 50 shaders (total: 55250)
Page 1106: found 50 shaders (total: 55300)
Page 1107: found 50 shaders (total: 55350)
Page 1108: found 50 shaders (total: 55400)
Page 1109: found 50 shaders (total: 55450)
Page 1110: found 50 shaders (total: 55500)
Page 1111: found 50 shaders (total: 55550)
Page 1112: found 50 shaders (total: 55600)
Page 1113: found 50 shaders (total: 55650)
Page 1114: found 50 shaders (total: 55700)
Page 1115: found 50 shaders (total: 55750)
Page 1116: found 50 shaders (total: 55800)
Page 1117: found 50 shaders (total: 55850)
Page 1118: found 50 shaders (total: 55900)
Page 1119: found 50 shaders (total: 55950)
Page 1120: found 50 shaders (total: 56000)
Page 1121: found 50 shaders (total: 56050)
Page 1122: found 50 shaders (total: 56100)
Page 1123: found 50 shaders (total: 56150)
Page 1124: found 50 shaders (total: 56200)
Page 1125: found 50 shaders (total: 56250)
Page 1126: found 50 shaders (total: 56300)
Page 1127: found 50 shaders (total: 56350)
Page 1128: found 50 shaders (total: 56400)
Page 1129: found 50 shaders (total: 56450)
Page 1130: found 50 shaders (total: 56500)
Page 1131: found 50 shaders (total: 56550)
Page 1132: found 50 shaders (total: 56600)
Page 1133: found 50 shaders (total: 56650)
Page 1134: found 50 shaders (total: 56700)
Page 1135: found 50 shaders (total: 56750)
Page 1136: found 50 shaders (total: 56800)
Page 1137: found 50 shaders (total: 56850)
Page 1138: found 50 shaders (total: 56900)
Page 1139: found 50 shaders (total: 56950)
Page 1140: found 50 shaders (total: 57000)
Page 1141: found 50 shaders (total: 57050)
Page 1142: found 50 shaders (total: 57100)
Page 1143: found 50 shaders (total: 57150)
Page 1144: found 50 shaders (total: 57200)
Page 1145: found 50 shaders (total: 57250)
Page 1146: found 50 shaders (total: 57300)
Page 1147: found 50 shaders (total: 57350)
Page 1148: found 50 shaders (total: 57400)
Page 1149: found 50 shaders (total: 57450)
Page 1150: found 50 shaders (total: 57500)
Page 1151: found 50 shaders (total: 57550)
Page 1152: found 50 shaders (total: 57600)
Page 1153: found 50 shaders (total: 57650)
Page 1154: found 50 shaders (total: 57700)
Page 1155: found 50 shaders (total: 57750)
Page 1156: found 50 shaders (total: 57800)
Page 1157: found 50 shaders (total: 57850)
Page 1158: found 50 shaders (total: 57900)
Page 1159: found 50 shaders (total: 57950)
Page 1160: found 50 shaders (total: 58000)
Page 1161: found 50 shaders (total: 58050)
Page 1162: found 50 shaders (total: 58100)
Page 1163: found 50 shaders (total: 58150)
Page 1164: found 50 shaders (total: 58200)
Page 1165: found 50 shaders (total: 58250)
Page 1166: found 50 shaders (total: 58300)
Page 1167: found 50 shaders (total: 58350)
Page 1168: found 50 shaders (total: 58400)
Page 1169: found 50 shaders (total: 58450)
Page 1170: found 50 shaders (total: 58500)
Page 1171: found 50 shaders (total: 58550)
Page 1172: found 50 shaders (total: 58600)
Page 1173: found 50 shaders (total: 58650)
Page 1174: found 50 shaders (total: 58700)
Page 1175: found 50 shaders (total: 58750)
Page 1176: found 50 shaders (total: 58800)
Page 1177: found 50 shaders (total: 58850)
Page 1178: found 50 shaders (total: 58900)
Page 1179: found 50 shaders (total: 58950)
Page 1180: found 50 shaders (total: 59000)
Page 1181: found 50 shaders (total: 59050)
Page 1182: found 50 shaders (total: 59100)
Page 1183: found 50 shaders (total: 59150)
Page 1184: found 50 shaders (total: 59200)
Page 1185: found 50 shaders (total: 59250)
Page 1186: found 50 shaders (total: 59300)
Page 1187: found 50 shaders (total: 59350)
Page 1188: found 50 shaders (total: 59400)
Page 1189: found 50 shaders (total: 59450)
Page 1190: found 50 shaders (total: 59500)
Page 1191: found 50 shaders (total: 59550)
Page 1192: found 50 shaders (total: 59600)
Page 1193: found 50 shaders (total: 59650)
Page 1194: found 50 shaders (total: 59700)
Page 1195: found 50 shaders (total: 59750)
Page 1196: found 50 shaders (total: 59800)
Page 1197: found 50 shaders (total: 59850)
Page 1198: found 50 shaders (total: 59900)
Page 1199: found 50 shaders (total: 59950)
Page 1200: found 50 shaders (total: 60000)
Page 1201: found 50 shaders (total: 60050)
Page 1202: found 50 shaders (total: 60100)
Page 1203: found 50 shaders (total: 60150)
Page 1204: found 50 shaders (total: 60200)
Page 1205: found 50 shaders (total: 60250)
Page 1206: found 50 shaders (total: 60300)
Page 1207: found 50 shaders (total: 60350)
Page 1208: found 50 shaders (total: 60400)
Page 1209: found 50 shaders (total: 60450)
Page 1210: found 50 shaders (total: 60500)
Page 1211: found 50 shaders (total: 60550)
Page 1212: found 50 shaders (total: 60600)
Page 1213: found 50 shaders (total: 60650)
Page 1214: found 50 shaders (total: 60700)
Page 1215: found 50 shaders (total: 60750)
Page 1216: found 50 shaders (total: 60800)
Page 1217: found 50 shaders (total: 60850)
Page 1218: found 50 shaders (total: 60900)
Page 1219: found 50 shaders (total: 60950)
Page 1220: found 50 shaders (total: 61000)
Page 1221: found 50 shaders (total: 61050)
Page 1222: found 50 shaders (total: 61100)
Page 1223: found 50 shaders (total: 61150)
Page 1224: found 50 shaders (total: 61200)
Page 1225: found 50 shaders (total: 61250)
Page 1226: found 50 shaders (total: 61300)
Page 1227: found 50 shaders (total: 61350)
Page 1228: found 50 shaders (total: 61400)
Page 1229: found 50 shaders (total: 61450)
Page 1230: found 50 shaders (total: 61500)
Page 1231: found 50 shaders (total: 61550)
Page 1232: found 50 shaders (total: 61600)
Page 1233: found 50 shaders (total: 61650)
Page 1234: found 50 shaders (total: 61700)
Page 1235: found 50 shaders (total: 61750)
Page 1236: found 50 shaders (total: 61800)
Page 1237: found 50 shaders (total: 61850)
Page 1238: found 50 shaders (total: 61900)
Page 1239: found 50 shaders (total: 61950)
Page 1240: found 50 shaders (total: 62000)
Page 1241: found 50 shaders (total: 62050)
Page 1242: found 50 shaders (total: 62100)
Page 1243: found 50 shaders (total: 62150)
Page 1244: found 50 shaders (total: 62200)
Page 1245: found 50 shaders (total: 62250)
Page 1246: found 50 shaders (total: 62300)
Page 1247: found 50 shaders (total: 62350)
Page 1248: found 50 shaders (total: 62400)
Page 1249: found 50 shaders (total: 62450)
Page 1250: found 50 shaders (total: 62500)
Page 1251: found 50 shaders (total: 62550)
Page 1252: found 50 shaders (total: 62600)
Page 1253: found 50 shaders (total: 62650)
Page 1254: found 50 shaders (total: 62700)
Page 1255: found 50 shaders (total: 62750)
Page 1256: found 50 shaders (total: 62800)
Page 1257: found 50 shaders (total: 62850)
Page 1258: found 50 shaders (total: 62900)
Page 1259: found 50 shaders (total: 62950)
Page 1260: found 50 shaders (total: 63000)
Page 1261: found 50 shaders (total: 63050)
Page 1262: found 50 shaders (total: 63100)
Page 1263: found 50 shaders (total: 63150)
Page 1264: found 50 shaders (total: 63200)
Page 1265: found 50 shaders (total: 63250)
Page 1266: found 50 shaders (total: 63300)
Page 1267: found 50 shaders (total: 63350)
Page 1268: found 50 shaders (total: 63400)
Page 1269: found 50 shaders (total: 63450)
Page 1270: found 50 shaders (total: 63500)
Page 1271: found 50 shaders (total: 63550)
Page 1272: found 50 shaders (total: 63600)
Page 1273: found 50 shaders (total: 63650)
Page 1274: found 50 shaders (total: 63700)
Page 1275: found 50 shaders (total: 63750)
Page 1276: found 50 shaders (total: 63800)
Page 1277: found 50 shaders (total: 63850)
Page 1278: found 50 shaders (total: 63900)
Page 1279: found 50 shaders (total: 63950)
Page 1280: found 50 shaders (total: 64000)
Page 1281: found 50 shaders (total: 64050)
Page 1282: found 50 shaders (total: 64100)
Page 1283: found 50 shaders (total: 64150)
Page 1284: found 50 shaders (total: 64200)
Page 1285: found 50 shaders (total: 64250)
Page 1286: found 50 shaders (total: 64300)
Page 1287: found 50 shaders (total: 64350)
Page 1288: found 50 shaders (total: 64400)
Page 1289: found 50 shaders (total: 64450)
Page 1290: found 50 shaders (total: 64500)
Page 1291: found 50 shaders (total: 64550)
Page 1292: found 50 shaders (total: 64600)
Page 1293: found 50 shaders (total: 64650)
Page 1294: found 50 shaders (total: 64700)
Page 1295: found 50 shaders (total: 64750)
Page 1296: found 50 shaders (total: 64800)
Page 1297: found 50 shaders (total: 64850)
Page 1298: found 50 shaders (total: 64900)
Page 1299: found 50 shaders (total: 64950)
Page 1300: found 50 shaders (total: 65000)
Page 1301: found 50 shaders (total: 65050)
Page 1302: found 50 shaders (total: 65100)
Page 1303: found 50 shaders (total: 65150)
Page 1304: found 50 shaders (total: 65200)
Page 1305: found 50 shaders (total: 65250)
Page 1306: found 50 shaders (total: 65300)
Page 1307: found 50 shaders (total: 65350)
Page 1308: found 50 shaders (total: 65400)
Page 1309: found 50 shaders (total: 65450)
Page 1310: found 50 shaders (total: 65500)
Page 1311: found 50 shaders (total: 65550)
Page 1312: found 50 shaders (total: 65600)
Page 1313: found 50 shaders (total: 65650)
Page 1314: found 50 shaders (total: 65700)
Page 1315: found 50 shaders (total: 65750)
Page 1316: found 50 shaders (total: 65800)
Page 1317: found 50 shaders (total: 65850)
Page 1318: found 50 shaders (total: 65900)
Page 1319: found 50 shaders (total: 65950)
Page 1320: found 50 shaders (total: 66000)
Page 1321: found 50 shaders (total: 66050)
Page 1322: found 50 shaders (total: 66100)
Page 1323: found 50 shaders (total: 66150)
Page 1324: found 50 shaders (total: 66200)
Page 1325: found 50 shaders (total: 66250)
Page 1326: found 50 shaders (total: 66300)
Page 1327: found 50 shaders (total: 66350)
Page 1328: found 50 shaders (total: 66400)
Page 1329: found 50 shaders (total: 66450)
Page 1330: found 50 shaders (total: 66500)
Page 1331: found 50 shaders (total: 66550)
Page 1332: found 50 shaders (total: 66600)
Page 1333: found 50 shaders (total: 66650)
Page 1334: found 50 shaders (total: 66700)
Page 1335: found 50 shaders (total: 66750)
Page 1336: found 50 shaders (total: 66800)
Page 1337: found 50 shaders (total: 66850)
Page 1338: found 50 shaders (total: 66900)
Page 1339: found 50 shaders (total: 66950)
Page 1340: found 50 shaders (total: 67000)
Page 1341: found 50 shaders (total: 67050)
Page 1342: found 50 shaders (total: 67100)
Page 1343: found 50 shaders (total: 67150)
Page 1344: found 50 shaders (total: 67200)
Page 1345: found 50 shaders (total: 67250)
Page 1346: found 50 shaders (total: 67300)
Page 1347: found 50 shaders (total: 67350)
Page 1348: found 50 shaders (total: 67400)
Page 1349: found 50 shaders (total: 67450)
Page 1350: found 50 shaders (total: 67500)
Page 1351: found 50 shaders (total: 67550)
Page 1352: found 50 shaders (total: 67600)
Page 1353: found 50 shaders (total: 67650)
Page 1354: found 50 shaders (total: 67700)
Page 1355: found 50 shaders (total: 67750)
Page 1356: found 50 shaders (total: 67800)
Page 1357: found 50 shaders (total: 67850)
Page 1358: found 50 shaders (total: 67900)
Page 1359: found 50 shaders (total: 67950)
Page 1360: found 50 shaders (total: 68000)
Page 1361: found 50 shaders (total: 68050)
Page 1362: found 50 shaders (total: 68100)
Page 1363: found 50 shaders (total: 68150)
Page 1364: found 50 shaders (total: 68200)
Page 1365: found 50 shaders (total: 68250)
Page 1366: found 50 shaders (total: 68300)
Page 1367: found 50 shaders (total: 68350)
Page 1368: found 50 shaders (total: 68400)
Page 1369: found 50 shaders (total: 68450)
Page 1370: found 50 shaders (total: 68500)
Page 1371: found 50 shaders (total: 68550)
Page 1372: found 50 shaders (total: 68600)
Page 1373: found 50 shaders (total: 68650)
Page 1374: found 50 shaders (total: 68700)
Page 1375: found 50 shaders (total: 68750)
Page 1376: found 50 shaders (total: 68800)
Page 1377: found 50 shaders (total: 68850)
Page 1378: found 50 shaders (total: 68900)
Page 1379: found 50 shaders (total: 68950)
Page 1380: found 50 shaders (total: 69000)
Page 1381: found 50 shaders (total: 69050)
Page 1382: found 50 shaders (total: 69100)
Page 1383: found 50 shaders (total: 69150)
Page 1384: found 50 shaders (total: 69200)
Page 1385: found 50 shaders (total: 69250)
Page 1386: found 50 shaders (total: 69300)
Page 1387: found 50 shaders (total: 69350)
Page 1388: found 50 shaders (total: 69400)
Page 1389: found 50 shaders (total: 69450)
Page 1390: found 50 shaders (total: 69500)
Page 1391: found 50 shaders (total: 69550)
Page 1392: found 50 shaders (total: 69600)
Page 1393: found 50 shaders (total: 69650)
Page 1394: found 50 shaders (total: 69700)
Page 1395: found 50 shaders (total: 69750)
Page 1396: found 50 shaders (total: 69800)
Page 1397: found 50 shaders (total: 69850)
Page 1398: found 50 shaders (total: 69900)
Page 1399: found 50 shaders (total: 69950)
Page 1400: found 50 shaders (total: 70000)
Page 1401: found 50 shaders (total: 70050)
Page 1402: found 50 shaders (total: 70100)
Page 1403: found 50 shaders (total: 70150)
Page 1404: found 50 shaders (total: 70200)
Page 1405: found 50 shaders (total: 70250)
Page 1406: found 50 shaders (total: 70300)
Page 1407: found 50 shaders (total: 70350)
Page 1408: found 50 shaders (total: 70400)
Page 1409: found 50 shaders (total: 70450)
Page 1410: found 50 shaders (total: 70500)
Page 1411: found 50 shaders (total: 70550)
Page 1412: found 50 shaders (total: 70600)
Page 1413: found 50 shaders (total: 70650)
Page 1414: found 50 shaders (total: 70700)
Page 1415: found 50 shaders (total: 70750)
Page 1416: found 50 shaders (total: 70800)
Page 1417: found 50 shaders (total: 70850)
Page 1418: found 50 shaders (total: 70900)
Page 1419: found 50 shaders (total: 70950)
Page 1420: found 50 shaders (total: 71000)
Page 1421: found 50 shaders (total: 71050)
Page 1422: found 50 shaders (total: 71100)
Page 1423: found 50 shaders (total: 71150)
Page 1424: found 50 shaders (total: 71200)
Page 1425: found 50 shaders (total: 71250)
Page 1426: found 50 shaders (total: 71300)
Page 1427: found 50 shaders (total: 71350)
Page 1428: found 50 shaders (total: 71400)
Page 1429: found 50 shaders (total: 71450)
Page 1430: found 50 shaders (total: 71500)
Page 1431: found 50 shaders (total: 71550)
Page 1432: found 50 shaders (total: 71600)
Page 1433: found 50 shaders (total: 71650)
Page 1434: found 50 shaders (total: 71700)
Page 1435: found 50 shaders (total: 71750)
Page 1436: found 50 shaders (total: 71800)
Page 1437: found 50 shaders (total: 71850)
Page 1438: found 50 shaders (total: 71900)
Page 1439: found 50 shaders (total: 71950)
Page 1440: found 50 shaders (total: 72000)
Page 1441: found 50 shaders (total: 72050)
Page 1442: found 50 shaders (total: 72100)
Page 1443: found 50 shaders (total: 72150)
Page 1444: found 50 shaders (total: 72200)
Page 1445: found 50 shaders (total: 72250)
Page 1446: found 50 shaders (total: 72300)
Page 1447: found 50 shaders (total: 72350)
Page 1448: found 50 shaders (total: 72400)
Page 1449: found 50 shaders (total: 72450)
Page 1450: found 50 shaders (total: 72500)
Page 1451: found 50 shaders (total: 72550)
Page 1452: found 50 shaders (total: 72600)
Page 1453: found 50 shaders (total: 72650)
Page 1454: found 50 shaders (total: 72700)
Page 1455: found 50 shaders (total: 72750)
Page 1456: found 50 shaders (total: 72800)
Page 1457: found 50 shaders (total: 72850)
Page 1458: found 50 shaders (total: 72900)
Page 1459: found 50 shaders (total: 72950)
Page 1460: found 50 shaders (total: 73000)
Page 1461: found 50 shaders (total: 73050)
Page 1462: found 50 shaders (total: 73100)
Page 1463: found 50 shaders (total: 73150)
Page 1464: found 50 shaders (total: 73200)
Page 1465: found 50 shaders (total: 73250)
Page 1466: found 50 shaders (total: 73300)
Page 1467: found 50 shaders (total: 73350)
Page 1468: found 50 shaders (total: 73400)
Page 1469: found 50 shaders (total: 73450)
Page 1470: found 50 shaders (total: 73500)
Page 1471: found 50 shaders (total: 73550)
Page 1472: found 50 shaders (total: 73600)
Page 1473: found 50 shaders (total: 73650)
Page 1474: found 50 shaders (total: 73700)
Page 1475: found 50 shaders (total: 73750)
Page 1476: found 50 shaders (total: 73800)
Page 1477: found 50 shaders (total: 73850)
Page 1478: found 50 shaders (total: 73900)
Page 1479: found 50 shaders (total: 73950)
Page 1480: found 50 shaders (total: 74000)
Page 1481: found 50 shaders (total: 74050)
Page 1482: found 50 shaders (total: 74100)
Page 1483: found 50 shaders (total: 74150)
Page 1484: found 50 shaders (total: 74200)
Page 1485: found 50 shaders (total: 74250)
Page 1486: found 50 shaders (total: 74300)
Page 1487: found 50 shaders (total: 74350)
Page 1488: found 50 shaders (total: 74400)
Page 1489: found 50 shaders (total: 74450)
Page 1490: found 50 shaders (total: 74500)
Page 1491: found 50 shaders (total: 74550)
Page 1492: found 50 shaders (total: 74600)
Page 1493: found 50 shaders (total: 74650)
Page 1494: found 50 shaders (total: 74700)
Page 1495: found 50 shaders (total: 74750)
Page 1496: found 50 shaders (total: 74800)
Page 1497: found 50 shaders (total: 74850)
Page 1498: found 50 shaders (total: 74900)
Page 1499: found 50 shaders (total: 74950)
Page 1500: found 50 shaders (total: 75000)
Page 1501: found 50 shaders (total: 75050)
Page 1502: found 50 shaders (total: 75100)
Page 1503: found 50 shaders (total: 75150)
Page 1504: found 50 shaders (total: 75200)
Page 1505: found 50 shaders (total: 75250)
Page 1506: found 50 shaders (total: 75300)
Page 1507: found 50 shaders (total: 75350)
Page 1508: found 50 shaders (total: 75400)
Page 1509: found 50 shaders (total: 75450)
Page 1510: found 50 shaders (total: 75500)
Page 1511: found 50 shaders (total: 75550)
Page 1512: found 50 shaders (total: 75600)
Page 1513: found 50 shaders (total: 75650)
Page 1514: found 50 shaders (total: 75700)
Page 1515: found 50 shaders (total: 75750)
Page 1516: found 50 shaders (total: 75800)
Page 1517: found 50 shaders (total: 75850)
Page 1518: found 50 shaders (total: 75900)
Page 1519: found 50 shaders (total: 75950)
Page 1520: found 50 shaders (total: 76000)
Page 1521: found 50 shaders (total: 76050)
Page 1522: found 50 shaders (total: 76100)
Page 1523: found 50 shaders (total: 76150)
Page 1524: found 50 shaders (total: 76200)
Page 1525: found 50 shaders (total: 76250)
Page 1526: found 50 shaders (total: 76300)
Page 1527: found 50 shaders (total: 76350)
Page 1528: found 50 shaders (total: 76400)
Page 1529: found 50 shaders (total: 76450)
Page 1530: found 50 shaders (total: 76500)
Page 1531: found 50 shaders (total: 76550)
Page 1532: found 50 shaders (total: 76600)
Page 1533: found 50 shaders (total: 76650)
Page 1534: found 50 shaders (total: 76700)
Page 1535: found 50 shaders (total: 76750)
Page 1536: found 50 shaders (total: 76800)
Page 1537: found 50 shaders (total: 76850)
Page 1538: found 50 shaders (total: 76900)
Page 1539: found 50 shaders (total: 76950)
Page 1540: found 50 shaders (total: 77000)
Page 1541: found 50 shaders (total: 77050)
Page 1542: found 50 shaders (total: 77100)
Page 1543: found 50 shaders (total: 77150)
Page 1544: found 50 shaders (total: 77200)
Page 1545: found 50 shaders (total: 77250)
Page 1546: found 50 shaders (total: 77300)
Page 1547: found 50 shaders (total: 77350)
Page 1548: found 50 shaders (total: 77400)
Page 1549: found 50 shaders (total: 77450)
Page 1550: found 50 shaders (total: 77500)
Page 1551: found 50 shaders (total: 77550)
Page 1552: found 50 shaders (total: 77600)
Page 1553: found 50 shaders (total: 77650)
Page 1554: found 50 shaders (total: 77700)
Page 1555: found 50 shaders (total: 77750)
Page 1556: found 50 shaders (total: 77800)
Page 1557: found 50 shaders (total: 77850)
Page 1558: found 50 shaders (total: 77900)
Page 1559: found 50 shaders (total: 77950)
Page 1560: found 50 shaders (total: 78000)
Page 1561: found 50 shaders (total: 78050)
Page 1562: found 50 shaders (total: 78100)
Page 1563: found 50 shaders (total: 78150)
Page 1564: found 50 shaders (total: 78200)
Page 1565: found 50 shaders (total: 78250)
Page 1566: found 50 shaders (total: 78300)
Page 1567: found 50 shaders (total: 78350)
Page 1568: found 50 shaders (total: 78400)
Page 1569: found 50 shaders (total: 78450)
Page 1570: found 50 shaders (total: 78500)
Page 1571: found 50 shaders (total: 78550)
Page 1572: found 50 shaders (total: 78600)
Page 1573: found 50 shaders (total: 78650)
Page 1574: found 50 shaders (total: 78700)
Page 1575: found 50 shaders (total: 78750)
Page 1576: found 50 shaders (total: 78800)
Page 1577: found 50 shaders (total: 78850)
Page 1578: found 50 shaders (total: 78900)
Page 1579: found 50 shaders (total: 78950)
Page 1580: found 50 shaders (total: 79000)
Page 1581: found 50 shaders (total: 79050)
Page 1582: found 50 shaders (total: 79100)
Page 1583: found 50 shaders (total: 79150)
Page 1584: found 50 shaders (total: 79200)
Page 1585: found 50 shaders (total: 79250)
Page 1586: found 50 shaders (total: 79300)
Page 1587: found 50 shaders (total: 79350)
Page 1588: found 50 shaders (total: 79400)
Page 1589: found 50 shaders (total: 79450)
Page 1590: found 50 shaders (total: 79500)
Page 1591: found 50 shaders (total: 79550)
Page 1592: found 50 shaders (total: 79600)
Page 1593: found 50 shaders (total: 79650)
Page 1594: found 50 shaders (total: 79700)
Page 1595: found 50 shaders (total: 79750)
Page 1596: found 50 shaders (total: 79800)
Page 1597: found 50 shaders (total: 79850)
Page 1598: found 50 shaders (total: 79900)
Page 1599: found 50 shaders (total: 79950)
Page 1600: found 50 shaders (total: 80000)
Page 1601: found 50 shaders (total: 80050)
Page 1602: found 50 shaders (total: 80100)
Page 1603: found 50 shaders (total: 80150)
Page 1604: found 50 shaders (total: 80200)
Page 1605: found 50 shaders (total: 80250)
Page 1606: found 50 shaders (total: 80300)
Page 1607: found 50 shaders (total: 80350)
Page 1608: found 50 shaders (total: 80400)
Page 1609: found 50 shaders (total: 80450)
Page 1610: found 50 shaders (total: 80500)
Page 1611: found 50 shaders (total: 80550)
Page 1612: found 50 shaders (total: 80600)
Page 1613: found 50 shaders (total: 80650)
Page 1614: found 50 shaders (total: 80700)
Page 1615: found 50 shaders (total: 80750)
Page 1616: found 50 shaders (total: 80800)
Page 1617: found 50 shaders (total: 80850)
Page 1618: found 50 shaders (total: 80900)
Page 1619: found 50 shaders (total: 80950)
Page 1620: found 50 shaders (total: 81000)
Page 1621: found 50 shaders (total: 81050)
Page 1622: found 50 shaders (total: 81100)
Page 1623: found 50 shaders (total: 81150)
Page 1624: found 50 shaders (total: 81200)
Page 1625: found 50 shaders (total: 81250)
Page 1626: found 50 shaders (total: 81300)
Page 1627: found 50 shaders (total: 81350)
Page 1628: found 50 shaders (total: 81400)
Page 1629: found 50 shaders (total: 81450)
Page 1630: found 50 shaders (total: 81500)
Page 1631: found 50 shaders (total: 81550)
Page 1632: found 50 shaders (total: 81600)
Page 1633: found 50 shaders (total: 81650)
Page 1634: found 50 shaders (total: 81700)
Page 1635: found 50 shaders (total: 81750)
Page 1636: found 50 shaders (total: 81800)
Page 1637: found 50 shaders (total: 81850)
Page 1638: found 50 shaders (total: 81900)
Page 1639: found 50 shaders (total: 81950)
Page 1640: found 50 shaders (total: 82000)
Page 1641: found 50 shaders (total: 82050)
Page 1642: found 50 shaders (total: 82100)
Page 1643: found 50 shaders (total: 82150)
Page 1644: found 50 shaders (total: 82200)
Page 1645: found 50 shaders (total: 82250)
Page 1646: found 50 shaders (total: 82300)
Page 1647: found 50 shaders (total: 82350)
Page 1648: found 50 shaders (total: 82400)
Page 1649: found 50 shaders (total: 82450)
Page 1650: found 50 shaders (total: 82500)
Page 1651: found 50 shaders (total: 82550)
Page 1652: found 50 shaders (total: 82600)
Page 1653: found 50 shaders (total: 82650)
Page 1654: found 50 shaders (total: 82700)
Page 1655: found 50 shaders (total: 82750)
Page 1656: found 50 shaders (total: 82800)
Page 1657: found 50 shaders (total: 82850)
Page 1658: found 50 shaders (total: 82900)
Page 1659: found 50 shaders (total: 82950)
Page 1660: found 50 shaders (total: 83000)
Page 1661: found 50 shaders (total: 83050)
Page 1662: found 50 shaders (total: 83100)
Page 1663: found 50 shaders (total: 83150)
Page 1664: found 50 shaders (total: 83200)
Page 1665: found 50 shaders (total: 83250)
Page 1666: found 50 shaders (total: 83300)
Page 1667: found 50 shaders (total: 83350)
Page 1668: found 50 shaders (total: 83400)
Page 1669: found 50 shaders (total: 83450)
Page 1670: found 50 shaders (total: 83500)
Page 1671: found 50 shaders (total: 83550)
Page 1672: found 50 shaders (total: 83600)
Page 1673: found 50 shaders (total: 83650)
Page 1674: found 50 shaders (total: 83700)
Page 1675: found 50 shaders (total: 83750)
Page 1676: found 50 shaders (total: 83800)
Page 1677: found 50 shaders (total: 83850)
Page 1678: found 50 shaders (total: 83900)
Page 1679: found 50 shaders (total: 83950)
Page 1680: found 50 shaders (total: 84000)
Page 1681: found 50 shaders (total: 84050)
Page 1682: found 50 shaders (total: 84100)
Page 1683: found 50 shaders (total: 84150)
Page 1684: found 50 shaders (total: 84200)
Page 1685: found 50 shaders (total: 84250)
Page 1686: found 50 shaders (total: 84300)
Page 1687: found 50 shaders (total: 84350)
Page 1688: found 50 shaders (total: 84400)
Page 1689: found 50 shaders (total: 84450)
Page 1690: found 50 shaders (total: 84500)
Page 1691: found 50 shaders (total: 84550)
Page 1692: found 50 shaders (total: 84600)
Page 1693: found 50 shaders (total: 84650)
Page 1694: found 50 shaders (total: 84700)
Page 1695: found 50 shaders (total: 84750)
Page 1696: found 50 shaders (total: 84800)
Page 1697: found 50 shaders (total: 84850)
Page 1698: found 50 shaders (total: 84900)
Page 1699: found 50 shaders (total: 84950)
Page 1700: found 50 shaders (total: 85000)
Page 1701: found 50 shaders (total: 85050)
Page 1702: found 50 shaders (total: 85100)
Page 1703: found 50 shaders (total: 85150)
Page 1704: found 50 shaders (total: 85200)
Page 1705: found 50 shaders (total: 85250)
Page 1706: found 50 shaders (total: 85300)
Page 1707: found 50 shaders (total: 85350)
Page 1708: found 50 shaders (total: 85400)
Page 1709: found 50 shaders (total: 85450)
Page 1710: found 50 shaders (total: 85500)
Page 1711: found 50 shaders (total: 85550)
Page 1712: found 50 shaders (total: 85600)
Page 1713: found 50 shaders (total: 85650)
Page 1714: found 50 shaders (total: 85700)
Page 1715: found 50 shaders (total: 85750)
Page 1716: found 50 shaders (total: 85800)
Page 1717: found 50 shaders (total: 85850)
Page 1718: found 50 shaders (total: 85900)
Page 1719: found 50 shaders (total: 85950)
Page 1720: found 50 shaders (total: 86000)
Page 1721: found 50 shaders (total: 86050)
Page 1722: found 50 shaders (total: 86100)
Page 1723: found 50 shaders (total: 86150)
Page 1724: found 50 shaders (total: 86200)
Page 1725: found 50 shaders (total: 86250)
Page 1726: found 50 shaders (total: 86300)
Page 1727: found 50 shaders (total: 86350)
Page 1728: found 50 shaders (total: 86400)
Page 1729: found 50 shaders (total: 86450)
Page 1730: found 50 shaders (total: 86500)
Page 1731: found 50 shaders (total: 86550)
Page 1732: found 50 shaders (total: 86600)
Page 1733: found 50 shaders (total: 86650)
Page 1734: found 50 shaders (total: 86700)
Page 1735: found 50 shaders (total: 86750)
Page 1736: found 50 shaders (total: 86800)
Page 1737: found 50 shaders (total: 86850)
Page 1738: found 50 shaders (total: 86900)
Page 1739: found 50 shaders (total: 86950)
Page 1740: found 50 shaders (total: 87000)
Page 1741: found 50 shaders (total: 87050)
Page 1742: found 50 shaders (total: 87100)
Page 1743: found 50 shaders (total: 87150)
Page 1744: found 50 shaders (total: 87200)
Page 1745: found 50 shaders (total: 87250)
Page 1746: found 50 shaders (total: 87300)
Page 1747: found 50 shaders (total: 87350)
Page 1748: found 50 shaders (total: 87400)
Page 1749: found 50 shaders (total: 87450)
Page 1750: found 50 shaders (total: 87500)
Page 1751: found 50 shaders (total: 87550)
Page 1752: found 50 shaders (total: 87600)
Page 1753: found 50 shaders (total: 87650)
Page 1754: found 50 shaders (total: 87700)
Page 1755: found 50 shaders (total: 87750)
Page 1756: found 50 shaders (total: 87800)
Page 1757: found 50 shaders (total: 87850)
Page 1758: found 50 shaders (total: 87900)
Page 1759: found 50 shaders (total: 87950)
Page 1760: found 50 shaders (total: 88000)
Page 1761: found 50 shaders (total: 88050)
Page 1762: found 50 shaders (total: 88100)
Page 1763: found 50 shaders (total: 88150)
Page 1764: found 50 shaders (total: 88200)
Page 1765: found 50 shaders (total: 88250)
Page 1766: found 50 shaders (total: 88300)
Page 1767: found 50 shaders (total: 88350)
Page 1768: found 50 shaders (total: 88400)
Page 1769: found 50 shaders (total: 88450)
Page 1770: found 50 shaders (total: 88500)
Page 1771: found 50 shaders (total: 88550)
Page 1772: found 50 shaders (total: 88600)
Page 1773: found 50 shaders (total: 88650)
Page 1774: found 50 shaders (total: 88700)
Page 1775: found 50 shaders (total: 88750)
Page 1776: found 50 shaders (total: 88800)
Page 1777: found 50 shaders (total: 88850)
Page 1778: found 50 shaders (total: 88900)
Page 1779: found 50 shaders (total: 88950)
Page 1780: found 50 shaders (total: 89000)
Page 1781: found 50 shaders (total: 89050)
Page 1782: found 50 shaders (total: 89100)
Page 1783: found 50 shaders (total: 89150)
Page 1784: found 50 shaders (total: 89200)
Page 1785: found 50 shaders (total: 89250)
Page 1786: found 50 shaders (total: 89300)
Page 1787: found 50 shaders (total: 89350)
Page 1788: found 50 shaders (total: 89400)
Page 1789: found 50 shaders (total: 89450)
Page 1790: found 50 shaders (total: 89500)
Page 1791: found 50 shaders (total: 89550)
Page 1792: found 50 shaders (total: 89600)
Page 1793: found 50 shaders (total: 89650)
Page 1794: found 50 shaders (total: 89700)
Page 1795: found 50 shaders (total: 89750)
Page 1796: found 50 shaders (total: 89800)
Page 1797: found 50 shaders (total: 89850)
Page 1798: found 50 shaders (total: 89900)
Page 1799: found 50 shaders (total: 89950)
Page 1800: found 50 shaders (total: 90000)
Page 1801: found 50 shaders (total: 90050)
Page 1802: found 50 shaders (total: 90100)
Page 1803: found 50 shaders (total: 90150)
Page 1804: found 50 shaders (total: 90200)
Page 1805: found 50 shaders (total: 90250)
Page 1806: found 50 shaders (total: 90300)
Page 1807: found 50 shaders (total: 90350)
Page 1808: found 50 shaders (total: 90400)
Page 1809: found 50 shaders (total: 90450)
Page 1810: found 50 shaders (total: 90500)
Page 1811: found 50 shaders (total: 90550)
Page 1812: found 50 shaders (total: 90600)
Page 1813: found 50 shaders (total: 90650)
Page 1814: found 50 shaders (total: 90700)
Page 1815: found 50 shaders (total: 90750)
Page 1816: found 50 shaders (total: 90800)
Page 1817: found 50 shaders (total: 90850)
Page 1818: found 50 shaders (total: 90900)
Page 1819: found 50 shaders (total: 90950)
Page 1820: found 50 shaders (total: 91000)
Page 1821: found 50 shaders (total: 91050)
Page 1822: found 50 shaders (total: 91100)
Page 1823: found 50 shaders (total: 91150)
Page 1824: found 50 shaders (total: 91200)
Page 1825: found 50 shaders (total: 91250)
Page 1826: found 50 shaders (total: 91300)
Page 1827: found 50 shaders (total: 91350)
Page 1828: found 50 shaders (total: 91400)
Page 1829: found 50 shaders (total: 91450)
Page 1830: found 50 shaders (total: 91500)
Page 1831: found 50 shaders (total: 91550)
Page 1832: found 50 shaders (total: 91600)
Page 1833: found 50 shaders (total: 91650)
Page 1834: found 50 shaders (total: 91700)
Page 1835: found 50 shaders (total: 91750)
Page 1836: found 50 shaders (total: 91800)
Page 1837: found 50 shaders (total: 91850)
Page 1838: found 50 shaders (total: 91900)
Page 1839: found 50 shaders (total: 91950)
Page 1840: found 50 shaders (total: 92000)
Page 1841: found 50 shaders (total: 92050)
Page 1842: found 50 shaders (total: 92100)
Page 1843: found 50 shaders (total: 92150)
Page 1844: found 50 shaders (total: 92200)
Page 1845: found 50 shaders (total: 92250)
Page 1846: found 50 shaders (total: 92300)
Page 1847: found 50 shaders (total: 92350)
Page 1848: found 50 shaders (total: 92400)
Page 1849: found 50 shaders (total: 92450)
Page 1850: found 50 shaders (total: 92500)
Page 1851: found 50 shaders (total: 92550)
Page 1852: found 50 shaders (total: 92600)
Page 1853: found 50 shaders (total: 92650)
Page 1854: found 50 shaders (total: 92700)
Page 1855: found 50 shaders (total: 92750)
Page 1856: found 50 shaders (total: 92800)
Page 1857: found 50 shaders (total: 92850)
Page 1858: found 50 shaders (total: 92900)
Page 1859: found 50 shaders (total: 92950)
Page 1860: found 50 shaders (total: 93000)
Page 1861: found 50 shaders (total: 93050)
Page 1862: found 50 shaders (total: 93100)
Page 1863: found 50 shaders (total: 93150)
Page 1864: found 50 shaders (total: 93200)
Page 1865: found 50 shaders (total: 93250)
Page 1866: found 50 shaders (total: 93300)
Page 1867: found 50 shaders (total: 93350)
Page 1868: found 50 shaders (total: 93400)
Page 1869: found 50 shaders (total: 93450)
Page 1870: found 50 shaders (total: 93500)
Page 1871: found 50 shaders (total: 93550)
Page 1872: found 50 shaders (total: 93600)
Page 1873: found 50 shaders (total: 93650)
Page 1874: found 50 shaders (total: 93700)
Page 1875: found 50 shaders (total: 93750)
Page 1876: found 50 shaders (total: 93800)
Page 1877: found 50 shaders (total: 93850)
Page 1878: found 50 shaders (total: 93900)
Page 1879: found 50 shaders (total: 93950)
Page 1880: found 50 shaders (total: 94000)
Page 1881: found 50 shaders (total: 94050)
Page 1882: found 50 shaders (total: 94100)
Page 1883: found 50 shaders (total: 94150)
Page 1884: found 50 shaders (total: 94200)
Page 1885: found 50 shaders (total: 94250)
Page 1886: found 50 shaders (total: 94300)
Page 1887: found 50 shaders (total: 94350)
Page 1888: found 50 shaders (total: 94400)
Page 1889: found 50 shaders (total: 94450)
Page 1890: found 50 shaders (total: 94500)
Page 1891: found 50 shaders (total: 94550)
Page 1892: found 50 shaders (total: 94600)
Page 1893: found 50 shaders (total: 94650)
Page 1894: found 50 shaders (total: 94700)
Page 1895: found 50 shaders (total: 94750)
Page 1896: found 50 shaders (total: 94800)
Page 1897: found 50 shaders (total: 94850)
Page 1898: found 50 shaders (total: 94900)
Page 1899: found 50 shaders (total: 94950)
Page 1900: found 50 shaders (total: 95000)
Page 1901: found 50 shaders (total: 95050)
Page 1902: found 50 shaders (total: 95100)
Page 1903: found 50 shaders (total: 95150)
Page 1904: found 50 shaders (total: 95200)
Page 1905: found 50 shaders (total: 95250)
Page 1906: found 50 shaders (total: 95300)
Page 1907: found 50 shaders (total: 95350)
Page 1908: found 50 shaders (total: 95400)
Page 1909: found 50 shaders (total: 95450)
Page 1910: found 50 shaders (total: 95500)
Page 1911: found 50 shaders (total: 95550)
Page 1912: found 50 shaders (total: 95600)
Page 1913: found 50 shaders (total: 95650)
Page 1914: found 50 shaders (total: 95700)
Page 1915: found 50 shaders (total: 95750)
Page 1916: found 50 shaders (total: 95800)
Page 1917: found 50 shaders (total: 95850)
Page 1918: found 50 shaders (total: 95900)
Page 1919: found 50 shaders (total: 95950)
Page 1920: found 50 shaders (total: 96000)
Page 1921: found 50 shaders (total: 96050)
Page 1922: found 50 shaders (total: 96100)
Page 1923: found 50 shaders (total: 96150)
Page 1924: found 50 shaders (total: 96200)
Page 1925: found 50 shaders (total: 96250)
Page 1926: found 50 shaders (total: 96300)
Page 1927: found 50 shaders (total: 96350)
Page 1928: found 50 shaders (total: 96400)
Page 1929: found 50 shaders (total: 96450)
Page 1930: found 50 shaders (total: 96500)
Page 1931: found 50 shaders (total: 96550)
Page 1932: found 50 shaders (total: 96600)
Page 1933: found 50 shaders (total: 96650)
Page 1934: found 50 shaders (total: 96700)Starting GLSL Sandbox download...
Collecting shader IDs from gallery...
Page 0: found 50 shaders (total: 50)
Page 1: found 50 shaders (total: 100)
Page 2: found 50 shaders (total: 150)
Page 3: found 50 shaders (total: 200)
Page 4: found 50 shaders (total: 250)
Page 5: found 50 shaders (total: 300)
Page 6: found 50 shaders (total: 350)
Page 7: found 50 shaders (total: 400)
Page 8: found 50 shaders (total: 450)
Page 9: found 50 shaders (total: 500)
Page 10: found 50 shaders (total: 550)
Page 11: found 50 shaders (total: 600)
Page 12: found 50 shaders (total: 650)
Page 13: found 50 shaders (total: 700)
Page 14: found 50 shaders (total: 750)
Page 15: found 50 shaders (total: 800)
Page 16: found 50 shaders (total: 850)
Page 17: found 50 shaders (total: 900)
Page 18: found 50 shaders (total: 950)
Page 19: found 50 shaders (total: 1000)
Page 20: found 50 shaders (total: 1050)
Page 21: found 50 shaders (total: 1100)
Page 22: found 50 shaders (total: 1150)
Page 23: found 50 shaders (total: 1200)
Page 24: found 50 shaders (total: 1250)
Page 25: found 50 shaders (total: 1300)
Page 26: found 50 shaders (total: 1350)
Page 27: found 50 shaders (total: 1400)
Page 28: found 50 shaders (total: 1450)
Page 29: found 50 shaders (total: 1500)
Page 30: found 50 shaders (total: 1550)
Page 31: found 50 shaders (total: 1600)
Page 32: found 50 shaders (total: 1650)
Page 33: found 50 shaders (total: 1700)
Page 34: found 50 shaders (total: 1750)
Page 35: found 50 shaders (total: 1800)
Page 36: found 50 shaders (total: 1850)
Page 37: found 50 shaders (total: 1900)
Page 38: found 50 shaders (total: 1950)
Page 39: found 50 shaders (total: 2000)
Page 40: found 50 shaders (total: 2050)
Page 41: found 50 shaders (total: 2100)
Page 42: found 50 shaders (total: 2150)
Page 43: found 50 shaders (total: 2200)
Page 44: found 50 shaders (total: 2250)
Page 45: found 50 shaders (total: 2300)
Page 46: found 50 shaders (total: 2350)
Page 47: found 50 shaders (total: 2400)
Page 48: found 50 shaders (total: 2450)
Page 49: found 50 shaders (total: 2500)
Page 50: found 50 shaders (total: 2550)
Page 51: found 50 shaders (total: 2600)
Page 52: found 50 shaders (total: 2650)
Page 53: found 50 shaders (total: 2700)
Page 54: found 50 shaders (total: 2750)
Page 55: found 50 shaders (total: 2800)
Page 56: found 50 shaders (total: 2850)
Page 57: found 50 shaders (total: 2900)
Page 58: found 50 shaders (total: 2950)
Page 59: found 50 shaders (total: 3000)
Page 60: found 50 shaders (total: 3050)
Page 61: found 50 shaders (total: 3100)
Page 62: found 50 shaders (total: 3150)
Page 63: found 50 shaders (total: 3200)
Page 64: found 50 shaders (total: 3250)
Page 65: found 50 shaders (total: 3300)
Page 66: found 50 shaders (total: 3350)
Page 67: found 50 shaders (total: 3400)
Page 68: found 50 shaders (total: 3450)
Page 69: found 50 shaders (total: 3500)
Page 70: found 50 shaders (total: 3550)
Page 71: found 50 shaders (total: 3600)
Page 72: found 50 shaders (total: 3650)
Page 73: found 50 shaders (total: 3700)
Page 74: found 50 shaders (total: 3750)
Page 75: found 50 shaders (total: 3800)
Page 76: found 50 shaders (total: 3850)
Page 77: found 50 shaders (total: 3900)
Page 78: found 50 shaders (total: 3950)
Page 79: found 50 shaders (total: 4000)
Page 80: found 50 shaders (total: 4050)
Page 81: found 50 shaders (total: 4100)
Page 82: found 50 shaders (total: 4150)
Page 83: found 50 shaders (total: 4200)
Page 84: found 50 shaders (total: 4250)
Page 85: found 50 shaders (total: 4300)
Page 86: found 50 shaders (total: 4350)
Page 87: found 50 shaders (total: 4400)
Page 88: found 50 shaders (total: 4450)
Page 89: found 50 shaders (total: 4500)
Page 90: found 50 shaders (total: 4550)
Page 91: found 50 shaders (total: 4600)
Page 92: found 50 shaders (total: 4650)
Page 93: found 50 shaders (total: 4700)
Page 94: found 50 shaders (total: 4750)
Page 95: found 50 shaders (total: 4800)
Page 96: found 50 shaders (total: 4850)
Page 97: found 50 shaders (total: 4900)
Page 98: found 50 shaders (total: 4950)
Page 99: found 50 shaders (total: 5000)

Total shaders to download: 5000
Already have: 17558, need to download: 4138
Progress: 50/4138 (49 successful)
Progress: 100/4138 (97 successful)
Progress: 150/4138 (146 successful)
Progress: 200/4138 (196 successful)
Progress: 250/4138 (245 successful)
Progress: 300/4138 (295 successful)
Progress: 350/4138 (345 successful)
Progress: 400/4138 (394 successful)
Progress: 450/4138 (444 successful)
Progress: 500/4138 (494 successful)
Progress: 550/4138 (544 successful)
Progress: 600/4138 (593 successful)
Progress: 650/4138 (643 successful)
Progress: 700/4138 (693 successful)
Progress: 750/4138 (741 successful)
Progress: 800/4138 (791 successful)
Progress: 850/4138 (841 successful)
Progress: 900/4138 (891 successful)
Progress: 950/4138 (940 successful)
Progress: 1000/4138 (989 successful)
Progress: 1050/4138 (1038 successful)
Progress: 1100/4138 (1088 successful)
Progress: 1150/4138 (1137 successful)
Progress: 1200/4138 (1184 successful)
Progress: 1250/4138 (1233 successful)
Progress: 1300/4138 (1283 successful)
Progress: 1350/4138 (1333 successful)
Progress: 1400/4138 (1382 successful)
Progress: 1450/4138 (1431 successful)
Progress: 1500/4138 (1480 successful)
Progress: 1550/4138 (1529 successful)
Progress: 1600/4138 (1578 successful)
Progress: 1650/4138 (1626 successful)
Progress: 1700/4138 (1676 successful)
Progress: 1750/4138 (1725 successful)
Progress: 1800/4138 (1775 successful)
Progress: 1850/4138 (1825 successful)
Progress: 1900/4138 (1875 successful)
Progress: 1950/4138 (1925 successful)
Progress: 2000/4138 (1975 successful)
Progress: 2050/4138 (2025 successful)
Progress: 2100/4138 (2075 successful)
Progress: 2150/4138 (2124 successful)
Progress: 2200/4138 (2174 successful)
Progress: 2250/4138 (2224 successful)
Progress: 2300/4138 (2274 successful)
Progress: 2350/4138 (2324 successful)
Progress: 2400/4138 (2373 successful)
Progress: 2450/4138 (2423 successful)
Progress: 2500/4138 (2473 successful)
Progress: 2550/4138 (2523 successful)
Progress: 2600/4138 (2571 successful)
Progress: 2650/4138 (2619 successful)
Progress: 2700/4138 (2669 successful)
Progress: 2750/4138 (2718 successful)
Progress: 2800/4138 (2768 successful)
Progress: 2850/4138 (2817 successful)
Progress: 2900/4138 (2867 successful)
Progress: 2950/4138 (2916 successful)
Progress: 3000/4138 (2965 successful)
Progress: 3050/4138 (3015 successful)
Progress: 3100/4138 (3063 successful)
Progress: 3150/4138 (3112 successful)
Progress: 3200/4138 (3161 successful)
Progress: 3250/4138 (3211 successful)
Progress: 3300/4138 (3261 successful)
Progress: 3350/4138 (3311 successful)
Progress: 3400/4138 (3361 successful)
Progress: 3450/4138 (3409 successful)
Progress: 3500/4138 (3459 successful)
Progress: 3550/4138 (3509 successful)
Progress: 3600/4138 (3559 successful)
Progress: 3650/4138 (3609 successful)
Progress: 3700/4138 (3657 successful)
Progress: 3750/4138 (3707 successful)
Progress: 3800/4138 (3756 successful)
Progress: 3850/4138 (3806 successful)
Progress: 3900/4138 (3855 successful)
Progress: 3950/4138 (3903 successful)
Progress: 4000/4138 (3953 successful)
Progress: 4050/4138 (4002 successful)
Progress: 4100/4138 (4052 successful)

Download complete!
Total shaders: 21648
Total thumbs: 0
Errors: 3
Saved manifest.json
